2020-03-09 10:45:49,578 - INFO - 325 : ActivityCompleted: Activity=RunPipeline, HowEnded=Success, Duration=16883.0[ms]
2020-03-09 10:45:49,590 - INFO - 325 : [RunId:AutoML_9f9ecdd4-88f3-4137-8ded-8b50b474c558_45][After executing pipeline]memory usage 415621120
2020-03-09 10:45:49,590 - INFO - 325 : [RunId:AutoML_9f9ecdd4-88f3-4137-8ded-8b50b474c558_45][After executing pipeline]child memory usage 515198976
2020-03-09 10:45:49,591 - INFO - 325 : [RunId:AutoML_9f9ecdd4-88f3-4137-8ded-8b50b474c558_45][After executing pipeline]cpu time 45.828125
2020-03-09 10:45:49,591 - INFO - 325 : [RunId:AutoML_9f9ecdd4-88f3-4137-8ded-8b50b474c558_45][After executing pipeline]child cpu time 638.203125
2020-03-09 10:45:49,592 - INFO - 325 : Pipeline execution finished with a score of 0.5245833333333333
2020-03-09 10:45:49,592 - INFO - 325 : Start logging metrics for child run.
2020-03-09 10:45:49,592 - INFO - 325 : ActivityStarted: MetricsAndSaveModel
2020-03-09 10:45:51,419 - INFO - 325 : memory usage 415703040
2020-03-09 10:45:51,420 - INFO - 325 : child memory usage 515284992
2020-03-09 10:45:51,421 - INFO - 325 : cpu time 46.296875
2020-03-09 10:45:51,427 - INFO - 325 : child cpu time 638.203125
2020-03-09 10:46:01,429 - INFO - 325 : memory usage 415707136
2020-03-09 10:46:01,430 - INFO - 325 : child memory usage 515264512
2020-03-09 10:46:01,430 - INFO - 325 : cpu time 46.390625
2020-03-09 10:46:01,431 - INFO - 325 : child cpu time 638.203125
2020-03-09 10:46:11,436 - INFO - 325 : memory usage 415649792
2020-03-09 10:46:11,437 - INFO - 325 : child memory usage 515239936
2020-03-09 10:46:11,437 - INFO - 325 : cpu time 46.8125
2020-03-09 10:46:11,438 - INFO - 325 : child cpu time 638.203125
2020-03-09 10:46:11,954 - WARNING - 325 : Did not recognize metric: predict_time. Will not log.
2020-03-09 10:46:11,954 - WARNING - 325 : Did not recognize metric: fit_time. Will not log.
2020-03-09 10:46:11,954 - WARNING - 325 : Did not recognize metric: train time. Will not log.
2020-03-09 10:46:11,955 - INFO - 325 : run_id:AutoML_9f9ecdd4-88f3-4137-8ded-8b50b474c558_45, pipeline_id:75c2c31716495e728251a1fb0c2c8a89a2d29080,The following metrics have been logged for the child run: {'confusion_matrix': <class 'dict'>, 'recall_score_micro': 0.6000000000000001, 'precision_score_micro': 0.6000000000000001, 'norm_macro_recall': 0.0, 'average_precision_score_micro': 0.6107512328940901, 'recall_score_macro': 0.5, 'recall_score_weighted': 0.6000000000000001, 'AUC_micro': 0.6064625850340136, 'AUC_weighted': 0.5245833333333333, 'average_precision_score_weighted': 0.6005045351473923, 'log_loss': 0.6849952822550176, 'AUC_macro': 0.5245833333333333, 'average_precision_score_macro': 0.5396428571428571, 'f1_score_micro': 0.6000000000000001, 'matthews_correlation': 0.0, 'accuracy_table': <class 'dict'>, 'weighted_accuracy': 0.6625676392572944, 'f1_score_macro': 0.3698484848484848, 'precision_score_macro': 0.30000000000000004, 'accuracy': 0.6000000000000001, 'precision_score_weighted': 0.38015873015873014, 'balanced_accuracy': 0.5, 'f1_score_weighted': 0.46030303030303027, 'predict_time': 0.0012997000000000002, 'fit_time': 0.0120003, 'train time': 0.013300000000000001}.
2020-03-09 10:46:11,955 - INFO - 325 : Marking the Run AutoML_9f9ecdd4-88f3-4137-8ded-8b50b474c558_45 as Completed.
2020-03-09 10:46:12,784 - INFO - 325 : Component CompleteRun finished after 0.6683334 minutes.
2020-03-09 10:46:12,784 - INFO - 325 : Bypassing model explanations as the explanations for the best run will be performed during training
2020-03-09 10:46:12,785 - INFO - 325 : ActivityCompleted: Activity=MetricsAndSaveModel, HowEnded=Success, Duration=23193.01[ms]
2020-03-09 10:46:13,282 - INFO - 325 : [RunId:AutoML_9f9ecdd4-88f3-4137-8ded-8b50b474c558_45][End fit_pipeline]memory usage 415678464
2020-03-09 10:46:13,282 - INFO - 325 : [RunId:AutoML_9f9ecdd4-88f3-4137-8ded-8b50b474c558_45][End fit_pipeline]child memory usage 515264512
2020-03-09 10:46:13,283 - INFO - 325 : [RunId:AutoML_9f9ecdd4-88f3-4137-8ded-8b50b474c558_45][End fit_pipeline]cpu time 46.953125
2020-03-09 10:46:13,283 - INFO - 325 : [RunId:AutoML_9f9ecdd4-88f3-4137-8ded-8b50b474c558_45][End fit_pipeline]child cpu time 638.203125
2020-03-09 10:46:13,285 - INFO - 325 : ActivityCompleted: Activity=FitIteration, HowEnded=Success, Duration=43051.99 [ms]
2020-03-09 10:46:13,285 - INFO - 325 : Start iteration: 46
2020-03-09 10:46:13,285 - INFO - 325 : ActivityStarted, FitIteration
2020-03-09 10:46:13,286 - INFO - 325 : ActivityStarted, GetPipeline
2020-03-09 10:46:13,286 - INFO - 325 : Querying Jasmine for next task.
2020-03-09 10:46:15,334 - INFO - 325 : ActivityCompleted: Activity=GetPipeline, HowEnded=Success, Duration=2048.0 [ms]
2020-03-09 10:46:15,335 - INFO - 325 : Received pipeline ID a4ca0d878cc5a014229e04e66079ddfaeff4e4be
2020-03-09 10:46:16,043 - INFO - 325 : [RunId:AutoML_9f9ecdd4-88f3-4137-8ded-8b50b474c558_46]CPU logical cores: 8, CPU cores: 4, virtual memory: 17080860672, swap memory: 24930336768.
2020-03-09 10:46:16,043 - INFO - 325 : [RunId:AutoML_9f9ecdd4-88f3-4137-8ded-8b50b474c558_46]Platform information: Windows-10-10.0.18362-SP0.
2020-03-09 10:46:16,044 - INFO - 325 : [RunId:AutoML_9f9ecdd4-88f3-4137-8ded-8b50b474c558_46][Starting fit_pipeline]memory usage 415678464
2020-03-09 10:46:16,044 - INFO - 325 : [RunId:AutoML_9f9ecdd4-88f3-4137-8ded-8b50b474c558_46][Starting fit_pipeline]child memory usage 515264512
2020-03-09 10:46:16,045 - INFO - 325 : [RunId:AutoML_9f9ecdd4-88f3-4137-8ded-8b50b474c558_46][Starting fit_pipeline]cpu time 47.078125
2020-03-09 10:46:16,045 - INFO - 325 : [RunId:AutoML_9f9ecdd4-88f3-4137-8ded-8b50b474c558_46][Starting fit_pipeline]child cpu time 638.203125
2020-03-09 10:46:16,045 - INFO - 325 : [RunId:AutoML_9f9ecdd4-88f3-4137-8ded-8b50b474c558_46]CPU logical cores: 8, CPU cores: 4, virtual memory: 17080860672, swap memory: 24930336768.
2020-03-09 10:46:16,045 - INFO - 325 : [RunId:AutoML_9f9ecdd4-88f3-4137-8ded-8b50b474c558_46]Platform information: Windows-10-10.0.18362-SP0.
2020-03-09 10:46:16,045 - INFO - 325 : Using child run AutoML_9f9ecdd4-88f3-4137-8ded-8b50b474c558_46
2020-03-09 10:46:16,052 - INFO - 325 : [RunId:AutoML_9f9ecdd4-88f3-4137-8ded-8b50b474c558_46][Before preprocess]memory usage 415678464
2020-03-09 10:46:16,052 - INFO - 325 : [RunId:AutoML_9f9ecdd4-88f3-4137-8ded-8b50b474c558_46][Before preprocess]child memory usage 515264512
2020-03-09 10:46:16,052 - INFO - 325 : [RunId:AutoML_9f9ecdd4-88f3-4137-8ded-8b50b474c558_46][Before preprocess]cpu time 47.078125
2020-03-09 10:46:16,052 - INFO - 325 : [RunId:AutoML_9f9ecdd4-88f3-4137-8ded-8b50b474c558_46][Before preprocess]child cpu time 638.203125
2020-03-09 10:46:16,054 - INFO - 325 : [RunId:AutoML_9f9ecdd4-88f3-4137-8ded-8b50b474c558_46][Before executing pipeline]memory usage 415694848
2020-03-09 10:46:16,054 - INFO - 325 : [RunId:AutoML_9f9ecdd4-88f3-4137-8ded-8b50b474c558_46][Before executing pipeline]child memory usage 515280896
2020-03-09 10:46:16,055 - INFO - 325 : [RunId:AutoML_9f9ecdd4-88f3-4137-8ded-8b50b474c558_46][Before executing pipeline]cpu time 47.078125
2020-03-09 10:46:16,055 - INFO - 325 : [RunId:AutoML_9f9ecdd4-88f3-4137-8ded-8b50b474c558_46][Before executing pipeline]child cpu time 638.203125
2020-03-09 10:46:16,055 - INFO - 325 : Component PrepareData finished after 0.00020026666666666666 minutes.
2020-03-09 10:46:16,055 - INFO - 325 : ActivityStarted: RunPipeline
2020-03-09 10:46:16,512 - INFO - 325 : Limits set to mem_in_mb=None, wall_time_in_s=1200, total_wall_time_in_s=31449600, cpu_time_in_s=None, num_processes=None, grace_period_in_s=None, 
2020-03-09 10:46:16,512 - INFO - 325 : Calling function <bound method ClientRunner._run of <automl.client.core.runtime.runner.ClientRunner object at 0x000001D1EB403D30>> with argument types: [<class 'automl.client.core.runtime.datasets.ClientDatasets'>, <class 'automl.client.core.runtime.pipeline_spec.PipelineSpec'>, <class 'automl.client.core.runtime.problem_info.ProblemInfo'>], {'sets_to_run': <class 'list'>, 'subsample_percent': <class 'float'>, 'random_state': <class 'NoneType'>, 'subsample_seed': <class 'NoneType'>, 'include_models': <class 'bool'>}
2020-03-09 10:46:21,441 - INFO - 325 : memory usage 415653888
2020-03-09 10:46:21,442 - INFO - 325 : child memory usage 647987200
2020-03-09 10:46:21,448 - INFO - 325 : cpu time 47.109375
2020-03-09 10:46:21,449 - INFO - 325 : child cpu time 640.671875
2020-03-09 10:46:23,956 - INFO - 467 : ActivityStarted: Run
2020-03-09 10:46:23,959 - INFO - 467 : ActivityStarted: RunCV
2020-03-09 10:46:23,961 - INFO - 467 : ActivityStarted: TimeFit
2020-03-09 10:46:23,968 - INFO - 485 : ActivityCompleted: Activity=TimeFit, HowEnded=Success, Duration=7.0[ms]
2020-03-09 10:46:23,968 - INFO - 467 : ActivityStarted: ComputeMetrics
2020-03-09 10:46:23,969 - INFO - 467 : ActivityStarted: Predict
2020-03-09 10:46:23,969 - INFO - 485 : ActivityCompleted: Activity=Predict, HowEnded=Success, Duration=0.0[ms]
2020-03-09 10:46:23,970 - INFO - 325 : Classification metrics debug: {'y_test': (7,), 'y_pred_probs': (7, 2), 'unique_y_test': (2,), 'class_labels': (2,), 'train_labels': (2,), 'n_missing_train': 0, 'n_missing_valid': 0, 'sample_weight': None}
2020-03-09 10:46:23,984 - INFO - 485 : ActivityCompleted: Activity=ComputeMetrics, HowEnded=Success, Duration=16.0[ms]
2020-03-09 10:46:23,986 - INFO - 467 : ActivityStarted: TimeFit
2020-03-09 10:46:23,992 - INFO - 485 : ActivityCompleted: Activity=TimeFit, HowEnded=Success, Duration=6.0[ms]
2020-03-09 10:46:23,993 - INFO - 467 : ActivityStarted: ComputeMetrics
2020-03-09 10:46:23,994 - INFO - 467 : ActivityStarted: Predict
2020-03-09 10:46:23,994 - INFO - 485 : ActivityCompleted: Activity=Predict, HowEnded=Success, Duration=0.0[ms]
2020-03-09 10:46:23,995 - INFO - 325 : Classification metrics debug: {'y_test': (7,), 'y_pred_probs': (7, 2), 'unique_y_test': (2,), 'class_labels': (2,), 'train_labels': (2,), 'n_missing_train': 0, 'n_missing_valid': 0, 'sample_weight': None}
2020-03-09 10:46:24,009 - INFO - 485 : ActivityCompleted: Activity=ComputeMetrics, HowEnded=Success, Duration=15.98[ms]
2020-03-09 10:46:24,011 - INFO - 467 : ActivityStarted: TimeFit
2020-03-09 10:46:24,018 - INFO - 485 : ActivityCompleted: Activity=TimeFit, HowEnded=Success, Duration=7.02[ms]
2020-03-09 10:46:24,018 - INFO - 467 : ActivityStarted: ComputeMetrics
2020-03-09 10:46:24,019 - INFO - 467 : ActivityStarted: Predict
2020-03-09 10:46:24,019 - INFO - 485 : ActivityCompleted: Activity=Predict, HowEnded=Success, Duration=0.0[ms]
2020-03-09 10:46:24,021 - INFO - 325 : Classification metrics debug: {'y_test': (7,), 'y_pred_probs': (7, 2), 'unique_y_test': (2,), 'class_labels': (2,), 'train_labels': (2,), 'n_missing_train': 0, 'n_missing_valid': 0, 'sample_weight': None}
2020-03-09 10:46:24,034 - INFO - 485 : ActivityCompleted: Activity=ComputeMetrics, HowEnded=Success, Duration=16.0[ms]
2020-03-09 10:46:24,036 - INFO - 467 : ActivityStarted: TimeFit
2020-03-09 10:46:24,043 - INFO - 485 : ActivityCompleted: Activity=TimeFit, HowEnded=Success, Duration=7.0[ms]
2020-03-09 10:46:24,043 - INFO - 467 : ActivityStarted: ComputeMetrics
2020-03-09 10:46:24,044 - INFO - 467 : ActivityStarted: Predict
2020-03-09 10:46:24,044 - INFO - 485 : ActivityCompleted: Activity=Predict, HowEnded=Success, Duration=0.0[ms]
2020-03-09 10:46:24,045 - INFO - 325 : Classification metrics debug: {'y_test': (7,), 'y_pred_probs': (7, 2), 'unique_y_test': (2,), 'class_labels': (2,), 'train_labels': (2,), 'n_missing_train': 0, 'n_missing_valid': 0, 'sample_weight': None}
2020-03-09 10:46:24,059 - INFO - 485 : ActivityCompleted: Activity=ComputeMetrics, HowEnded=Success, Duration=16.0[ms]
2020-03-09 10:46:24,061 - INFO - 467 : ActivityStarted: TimeFit
2020-03-09 10:46:24,068 - INFO - 485 : ActivityCompleted: Activity=TimeFit, HowEnded=Success, Duration=6.98[ms]
2020-03-09 10:46:24,068 - INFO - 467 : ActivityStarted: ComputeMetrics
2020-03-09 10:46:24,069 - INFO - 467 : ActivityStarted: Predict
2020-03-09 10:46:24,070 - INFO - 485 : ActivityCompleted: Activity=Predict, HowEnded=Success, Duration=1.02[ms]
2020-03-09 10:46:24,071 - INFO - 325 : Classification metrics debug: {'y_test': (7,), 'y_pred_probs': (7, 2), 'unique_y_test': (2,), 'class_labels': (2,), 'train_labels': (2,), 'n_missing_train': 0, 'n_missing_valid': 0, 'sample_weight': None}
2020-03-09 10:46:24,085 - INFO - 485 : ActivityCompleted: Activity=ComputeMetrics, HowEnded=Success, Duration=17.0[ms]
2020-03-09 10:46:24,087 - INFO - 467 : ActivityStarted: TimeFit
2020-03-09 10:46:24,094 - INFO - 485 : ActivityCompleted: Activity=TimeFit, HowEnded=Success, Duration=7.0[ms]
2020-03-09 10:46:24,094 - INFO - 467 : ActivityStarted: ComputeMetrics
2020-03-09 10:46:24,095 - INFO - 467 : ActivityStarted: Predict
2020-03-09 10:46:24,095 - INFO - 485 : ActivityCompleted: Activity=Predict, HowEnded=Success, Duration=0.0[ms]
2020-03-09 10:46:24,096 - INFO - 325 : Classification metrics debug: {'y_test': (6,), 'y_pred_probs': (6, 2), 'unique_y_test': (2,), 'class_labels': (2,), 'train_labels': (2,), 'n_missing_train': 0, 'n_missing_valid': 0, 'sample_weight': None}
2020-03-09 10:46:24,111 - INFO - 485 : ActivityCompleted: Activity=ComputeMetrics, HowEnded=Success, Duration=17.0[ms]
2020-03-09 10:46:24,113 - INFO - 467 : ActivityStarted: TimeFit
2020-03-09 10:46:24,119 - INFO - 485 : ActivityCompleted: Activity=TimeFit, HowEnded=Success, Duration=6.0[ms]
2020-03-09 10:46:24,120 - INFO - 467 : ActivityStarted: ComputeMetrics
2020-03-09 10:46:24,121 - INFO - 467 : ActivityStarted: Predict
2020-03-09 10:46:24,121 - INFO - 485 : ActivityCompleted: Activity=Predict, HowEnded=Success, Duration=0.0[ms]
2020-03-09 10:46:24,122 - INFO - 325 : Classification metrics debug: {'y_test': (6,), 'y_pred_probs': (6, 2), 'unique_y_test': (2,), 'class_labels': (2,), 'train_labels': (2,), 'n_missing_train': 0, 'n_missing_valid': 0, 'sample_weight': None}
2020-03-09 10:46:24,135 - INFO - 485 : ActivityCompleted: Activity=ComputeMetrics, HowEnded=Success, Duration=15.0[ms]
2020-03-09 10:46:24,137 - INFO - 467 : ActivityStarted: TimeFit
2020-03-09 10:46:24,144 - INFO - 485 : ActivityCompleted: Activity=TimeFit, HowEnded=Success, Duration=7.0[ms]
2020-03-09 10:46:24,145 - INFO - 467 : ActivityStarted: ComputeMetrics
2020-03-09 10:46:24,145 - INFO - 467 : ActivityStarted: Predict
2020-03-09 10:46:24,146 - INFO - 485 : ActivityCompleted: Activity=Predict, HowEnded=Success, Duration=1.0[ms]
2020-03-09 10:46:24,147 - INFO - 325 : Classification metrics debug: {'y_test': (6,), 'y_pred_probs': (6, 2), 'unique_y_test': (2,), 'class_labels': (2,), 'train_labels': (2,), 'n_missing_train': 0, 'n_missing_valid': 0, 'sample_weight': None}
2020-03-09 10:46:24,160 - INFO - 485 : ActivityCompleted: Activity=ComputeMetrics, HowEnded=Success, Duration=15.0[ms]
2020-03-09 10:46:24,162 - INFO - 467 : ActivityStarted: TimeFit
2020-03-09 10:46:24,168 - INFO - 485 : ActivityCompleted: Activity=TimeFit, HowEnded=Success, Duration=6.0[ms]
2020-03-09 10:46:24,169 - INFO - 467 : ActivityStarted: ComputeMetrics
2020-03-09 10:46:24,169 - INFO - 467 : ActivityStarted: Predict
2020-03-09 10:46:24,170 - INFO - 485 : ActivityCompleted: Activity=Predict, HowEnded=Success, Duration=1.0[ms]
2020-03-09 10:46:24,171 - INFO - 325 : Classification metrics debug: {'y_test': (6,), 'y_pred_probs': (6, 2), 'unique_y_test': (2,), 'class_labels': (2,), 'train_labels': (2,), 'n_missing_train': 0, 'n_missing_valid': 0, 'sample_weight': None}
2020-03-09 10:46:24,184 - INFO - 485 : ActivityCompleted: Activity=ComputeMetrics, HowEnded=Success, Duration=15.0[ms]
2020-03-09 10:46:24,186 - INFO - 467 : ActivityStarted: TimeFit
2020-03-09 10:46:24,192 - INFO - 485 : ActivityCompleted: Activity=TimeFit, HowEnded=Success, Duration=6.0[ms]
2020-03-09 10:46:24,193 - INFO - 467 : ActivityStarted: ComputeMetrics
2020-03-09 10:46:24,193 - INFO - 467 : ActivityStarted: Predict
2020-03-09 10:46:24,193 - INFO - 485 : ActivityCompleted: Activity=Predict, HowEnded=Success, Duration=0.0[ms]
2020-03-09 10:46:24,194 - INFO - 325 : Classification metrics debug: {'y_test': (6,), 'y_pred_probs': (6, 2), 'unique_y_test': (2,), 'class_labels': (2,), 'train_labels': (2,), 'n_missing_train': 0, 'n_missing_valid': 0, 'sample_weight': None}
2020-03-09 10:46:24,208 - INFO - 485 : ActivityCompleted: Activity=ComputeMetrics, HowEnded=Success, Duration=15.0[ms]
2020-03-09 10:46:24,208 - INFO - 485 : ActivityCompleted: Activity=RunCV, HowEnded=Success, Duration=248.98[ms]
2020-03-09 10:46:24,209 - INFO - 467 : ActivityStarted: RunCVMean
2020-03-09 10:46:24,213 - INFO - 485 : ActivityCompleted: Activity=RunCVMean, HowEnded=Success, Duration=4.0[ms]
2020-03-09 10:46:24,280 - INFO - 485 : ActivityCompleted: Activity=Run, HowEnded=Success, Duration=323.98[ms]
2020-03-09 10:46:24,736 - INFO - 325 : Limits set to mem_in_mb=None, wall_time_in_s=1200, total_wall_time_in_s=31449600, cpu_time_in_s=None, num_processes=None, grace_period_in_s=None, 
2020-03-09 10:46:24,737 - INFO - 325 : Calling function <bound method ClientRunner._run of <automl.client.core.runtime.runner.ClientRunner object at 0x000001D1EB403D30>> with argument types: [<class 'automl.client.core.runtime.datasets.ClientDatasets'>, <class 'automl.client.core.runtime.pipeline_spec.PipelineSpec'>, <class 'automl.client.core.runtime.problem_info.ProblemInfo'>], {'sets_to_run': <class 'list'>, 'subsample_percent': <class 'NoneType'>, 'random_state': <class 'NoneType'>, 'subsample_seed': <class 'int'>, 'include_models': <class 'bool'>}
2020-03-09 10:46:31,449 - INFO - 325 : memory usage 415653888
2020-03-09 10:46:31,450 - INFO - 325 : child memory usage 743251968
2020-03-09 10:46:31,450 - INFO - 325 : cpu time 47.171875
2020-03-09 10:46:31,451 - INFO - 325 : child cpu time 646.3125
2020-03-09 10:46:32,279 - INFO - 467 : ActivityStarted: Run
2020-03-09 10:46:32,282 - INFO - 467 : ActivityStarted: TrainFull
2020-03-09 10:46:32,283 - INFO - 467 : ActivityStarted: TimeFit
2020-03-09 10:46:32,289 - INFO - 485 : ActivityCompleted: Activity=TimeFit, HowEnded=Success, Duration=6.0[ms]
2020-03-09 10:46:32,290 - INFO - 467 : ActivityStarted: ComputeMetrics
2020-03-09 10:46:32,291 - INFO - 467 : ActivityStarted: Predict
2020-03-09 10:46:32,291 - INFO - 485 : ActivityCompleted: Activity=Predict, HowEnded=Success, Duration=0.0[ms]
2020-03-09 10:46:32,293 - INFO - 325 : Classification metrics debug: {'y_test': (65,), 'y_pred_probs': (65, 2), 'unique_y_test': (2,), 'class_labels': (2,), 'train_labels': (2,), 'n_missing_train': 0, 'n_missing_valid': 0, 'sample_weight': None}
2020-03-09 10:46:32,307 - INFO - 485 : ActivityCompleted: Activity=ComputeMetrics, HowEnded=Success, Duration=17.0[ms]
2020-03-09 10:46:32,308 - INFO - 485 : ActivityCompleted: Activity=TrainFull, HowEnded=Success, Duration=26.0[ms]
2020-03-09 10:46:32,374 - INFO - 485 : ActivityCompleted: Activity=Run, HowEnded=Success, Duration=95.0[ms]
2020-03-09 10:46:32,718 - INFO - 325 : ActivityCompleted: Activity=RunPipeline, HowEnded=Success, Duration=16663.5[ms]
2020-03-09 10:46:32,719 - INFO - 325 : [RunId:AutoML_9f9ecdd4-88f3-4137-8ded-8b50b474c558_46][After executing pipeline]memory usage 415694848
2020-03-09 10:46:32,720 - INFO - 325 : [RunId:AutoML_9f9ecdd4-88f3-4137-8ded-8b50b474c558_46][After executing pipeline]child memory usage 515260416
2020-03-09 10:46:32,720 - INFO - 325 : [RunId:AutoML_9f9ecdd4-88f3-4137-8ded-8b50b474c558_46][After executing pipeline]cpu time 47.1875
2020-03-09 10:46:32,721 - INFO - 325 : [RunId:AutoML_9f9ecdd4-88f3-4137-8ded-8b50b474c558_46][After executing pipeline]child cpu time 647.15625
2020-03-09 10:46:32,721 - INFO - 325 : Pipeline execution finished with a score of 0.5620833333333334
2020-03-09 10:46:32,721 - INFO - 325 : Start logging metrics for child run.
2020-03-09 10:46:32,722 - INFO - 325 : ActivityStarted: MetricsAndSaveModel
2020-03-09 10:46:36,060 - WARNING - 325 : Did not recognize metric: train time. Will not log.
2020-03-09 10:46:36,060 - WARNING - 325 : Did not recognize metric: predict_time. Will not log.
2020-03-09 10:46:36,061 - WARNING - 325 : Did not recognize metric: fit_time. Will not log.
2020-03-09 10:46:36,061 - INFO - 325 : run_id:AutoML_9f9ecdd4-88f3-4137-8ded-8b50b474c558_46, pipeline_id:a4ca0d878cc5a014229e04e66079ddfaeff4e4be,The following metrics have been logged for the child run: {'confusion_matrix': <class 'dict'>, 'recall_score_micro': 0.6000000000000001, 'precision_score_micro': 0.6000000000000001, 'norm_macro_recall': 0.0, 'average_precision_score_micro': 0.6323829345257916, 'recall_score_macro': 0.5, 'recall_score_weighted': 0.6000000000000001, 'AUC_micro': 0.6251700680272109, 'AUC_weighted': 0.5620833333333334, 'average_precision_score_weighted': 0.6253344671201814, 'log_loss': 0.6874172076558984, 'AUC_macro': 0.5620833333333334, 'average_precision_score_macro': 0.56375, 'f1_score_micro': 0.6000000000000001, 'matthews_correlation': 0.0, 'accuracy_table': <class 'dict'>, 'weighted_accuracy': 0.6625676392572944, 'f1_score_macro': 0.3698484848484848, 'precision_score_macro': 0.30000000000000004, 'accuracy': 0.6000000000000001, 'precision_score_weighted': 0.38015873015873014, 'balanced_accuracy': 0.5, 'f1_score_weighted': 0.46030303030303027, 'train time': 0.007501400000000001, 'predict_time': 0.0009021000000000001, 'fit_time': 0.0065993}.
2020-03-09 10:46:36,066 - INFO - 325 : Marking the Run AutoML_9f9ecdd4-88f3-4137-8ded-8b50b474c558_46 as Completed.
2020-03-09 10:46:36,894 - INFO - 325 : Component CompleteRun finished after 0.3475256666666667 minutes.
2020-03-09 10:46:36,894 - INFO - 325 : Bypassing model explanations as the explanations for the best run will be performed during training
2020-03-09 10:46:36,894 - INFO - 325 : ActivityCompleted: Activity=MetricsAndSaveModel, HowEnded=Success, Duration=4172.03[ms]
2020-03-09 10:46:37,460 - INFO - 325 : [RunId:AutoML_9f9ecdd4-88f3-4137-8ded-8b50b474c558_46][End fit_pipeline]memory usage 416219136
2020-03-09 10:46:37,460 - INFO - 325 : [RunId:AutoML_9f9ecdd4-88f3-4137-8ded-8b50b474c558_46][End fit_pipeline]child memory usage 515784704
2020-03-09 10:46:37,460 - INFO - 325 : [RunId:AutoML_9f9ecdd4-88f3-4137-8ded-8b50b474c558_46][End fit_pipeline]cpu time 47.5
2020-03-09 10:46:37,461 - INFO - 325 : [RunId:AutoML_9f9ecdd4-88f3-4137-8ded-8b50b474c558_46][End fit_pipeline]child cpu time 647.15625
2020-03-09 10:46:37,462 - INFO - 325 : ActivityCompleted: Activity=FitIteration, HowEnded=Success, Duration=24177.54 [ms]
2020-03-09 10:46:37,463 - INFO - 325 : Start iteration: 47
2020-03-09 10:46:37,463 - INFO - 325 : ActivityStarted, FitIteration
2020-03-09 10:46:37,463 - INFO - 325 : ActivityStarted, GetPipeline
2020-03-09 10:46:37,463 - INFO - 325 : Querying Jasmine for next task.
2020-03-09 10:46:39,808 - INFO - 325 : ActivityCompleted: Activity=GetPipeline, HowEnded=Success, Duration=2345.0 [ms]
2020-03-09 10:46:39,809 - INFO - 325 : Received pipeline ID 305d945d5bfc052d1c94e8a8af2e576d868fa3fb
2020-03-09 10:46:41,019 - INFO - 325 : [RunId:AutoML_9f9ecdd4-88f3-4137-8ded-8b50b474c558_47]CPU logical cores: 8, CPU cores: 4, virtual memory: 17080860672, swap memory: 24930336768.
2020-03-09 10:46:41,019 - INFO - 325 : [RunId:AutoML_9f9ecdd4-88f3-4137-8ded-8b50b474c558_47]Platform information: Windows-10-10.0.18362-SP0.
2020-03-09 10:46:41,020 - INFO - 325 : [RunId:AutoML_9f9ecdd4-88f3-4137-8ded-8b50b474c558_47][Starting fit_pipeline]memory usage 416219136
2020-03-09 10:46:41,020 - INFO - 325 : [RunId:AutoML_9f9ecdd4-88f3-4137-8ded-8b50b474c558_47][Starting fit_pipeline]child memory usage 515825664
2020-03-09 10:46:41,021 - INFO - 325 : [RunId:AutoML_9f9ecdd4-88f3-4137-8ded-8b50b474c558_47][Starting fit_pipeline]cpu time 47.609375
2020-03-09 10:46:41,021 - INFO - 325 : [RunId:AutoML_9f9ecdd4-88f3-4137-8ded-8b50b474c558_47][Starting fit_pipeline]child cpu time 647.15625
2020-03-09 10:46:41,021 - INFO - 325 : [RunId:AutoML_9f9ecdd4-88f3-4137-8ded-8b50b474c558_47]CPU logical cores: 8, CPU cores: 4, virtual memory: 17080860672, swap memory: 24930336768.
2020-03-09 10:46:41,021 - INFO - 325 : [RunId:AutoML_9f9ecdd4-88f3-4137-8ded-8b50b474c558_47]Platform information: Windows-10-10.0.18362-SP0.
2020-03-09 10:46:41,021 - INFO - 325 : Using child run AutoML_9f9ecdd4-88f3-4137-8ded-8b50b474c558_47
2020-03-09 10:46:41,022 - INFO - 325 : [RunId:AutoML_9f9ecdd4-88f3-4137-8ded-8b50b474c558_47][Before preprocess]memory usage 416219136
2020-03-09 10:46:41,022 - INFO - 325 : [RunId:AutoML_9f9ecdd4-88f3-4137-8ded-8b50b474c558_47][Before preprocess]child memory usage 515825664
2020-03-09 10:46:41,022 - INFO - 325 : [RunId:AutoML_9f9ecdd4-88f3-4137-8ded-8b50b474c558_47][Before preprocess]cpu time 47.609375
2020-03-09 10:46:41,022 - INFO - 325 : [RunId:AutoML_9f9ecdd4-88f3-4137-8ded-8b50b474c558_47][Before preprocess]child cpu time 647.15625
2020-03-09 10:46:41,030 - INFO - 325 : [RunId:AutoML_9f9ecdd4-88f3-4137-8ded-8b50b474c558_47][Before executing pipeline]memory usage 416256000
2020-03-09 10:46:41,030 - INFO - 325 : [RunId:AutoML_9f9ecdd4-88f3-4137-8ded-8b50b474c558_47][Before executing pipeline]child memory usage 515862528
2020-03-09 10:46:41,030 - INFO - 325 : [RunId:AutoML_9f9ecdd4-88f3-4137-8ded-8b50b474c558_47][Before executing pipeline]cpu time 47.609375
2020-03-09 10:46:41,030 - INFO - 325 : [RunId:AutoML_9f9ecdd4-88f3-4137-8ded-8b50b474c558_47][Before executing pipeline]child cpu time 647.15625
2020-03-09 10:46:41,030 - INFO - 325 : Component PrepareData finished after 0.00018336666666666666 minutes.
2020-03-09 10:46:41,031 - INFO - 325 : ActivityStarted: RunPipeline
2020-03-09 10:46:41,200 - INFO - 325 : Limits set to mem_in_mb=None, wall_time_in_s=1200, total_wall_time_in_s=31449600, cpu_time_in_s=None, num_processes=None, grace_period_in_s=None, 
2020-03-09 10:46:41,200 - INFO - 325 : Calling function <bound method ClientRunner._run of <automl.client.core.runtime.runner.ClientRunner object at 0x000001D1EACB17B8>> with argument types: [<class 'automl.client.core.runtime.datasets.ClientDatasets'>, <class 'automl.client.core.runtime.pipeline_spec.PipelineSpec'>, <class 'automl.client.core.runtime.problem_info.ProblemInfo'>], {'sets_to_run': <class 'list'>, 'subsample_percent': <class 'float'>, 'random_state': <class 'NoneType'>, 'subsample_seed': <class 'NoneType'>, 'include_models': <class 'bool'>}
2020-03-09 10:46:41,457 - INFO - 325 : memory usage 416235520
2020-03-09 10:46:41,457 - INFO - 325 : child memory usage 535498752
2020-03-09 10:46:41,458 - INFO - 325 : cpu time 47.65625
2020-03-09 10:46:41,458 - INFO - 325 : child cpu time 647.234375
2020-03-09 10:46:48,599 - INFO - 467 : ActivityStarted: Run
2020-03-09 10:46:48,601 - INFO - 467 : ActivityStarted: RunCV
2020-03-09 10:46:48,603 - INFO - 467 : ActivityStarted: TimeFit
2020-03-09 10:46:48,617 - INFO - 485 : ActivityCompleted: Activity=TimeFit, HowEnded=Success, Duration=14.0[ms]
2020-03-09 10:46:48,617 - INFO - 467 : ActivityStarted: ComputeMetrics
2020-03-09 10:46:48,618 - INFO - 467 : ActivityStarted: Predict
2020-03-09 10:46:48,618 - INFO - 485 : ActivityCompleted: Activity=Predict, HowEnded=Success, Duration=0.0[ms]
2020-03-09 10:46:48,619 - INFO - 325 : Classification metrics debug: {'y_test': (7,), 'y_pred_probs': (7, 2), 'unique_y_test': (2,), 'class_labels': (2,), 'train_labels': (2,), 'n_missing_train': 0, 'n_missing_valid': 0, 'sample_weight': None}
2020-03-09 10:46:48,633 - INFO - 485 : ActivityCompleted: Activity=ComputeMetrics, HowEnded=Success, Duration=16.0[ms]
2020-03-09 10:46:48,635 - INFO - 467 : ActivityStarted: TimeFit
2020-03-09 10:46:48,648 - INFO - 485 : ActivityCompleted: Activity=TimeFit, HowEnded=Success, Duration=13.0[ms]
2020-03-09 10:46:48,649 - INFO - 467 : ActivityStarted: ComputeMetrics
2020-03-09 10:46:48,649 - INFO - 467 : ActivityStarted: Predict
2020-03-09 10:46:48,649 - INFO - 485 : ActivityCompleted: Activity=Predict, HowEnded=Success, Duration=0.0[ms]
2020-03-09 10:46:48,650 - INFO - 325 : Classification metrics debug: {'y_test': (7,), 'y_pred_probs': (7, 2), 'unique_y_test': (2,), 'class_labels': (2,), 'train_labels': (2,), 'n_missing_train': 0, 'n_missing_valid': 0, 'sample_weight': None}
2020-03-09 10:46:48,664 - INFO - 485 : ActivityCompleted: Activity=ComputeMetrics, HowEnded=Success, Duration=15.0[ms]
2020-03-09 10:46:48,666 - INFO - 467 : ActivityStarted: TimeFit
2020-03-09 10:46:48,680 - INFO - 485 : ActivityCompleted: Activity=TimeFit, HowEnded=Success, Duration=14.0[ms]
2020-03-09 10:46:48,680 - INFO - 467 : ActivityStarted: ComputeMetrics
2020-03-09 10:46:48,681 - INFO - 467 : ActivityStarted: Predict
2020-03-09 10:46:48,681 - INFO - 485 : ActivityCompleted: Activity=Predict, HowEnded=Success, Duration=0.0[ms]
2020-03-09 10:46:48,682 - INFO - 325 : Classification metrics debug: {'y_test': (7,), 'y_pred_probs': (7, 2), 'unique_y_test': (2,), 'class_labels': (2,), 'train_labels': (2,), 'n_missing_train': 0, 'n_missing_valid': 0, 'sample_weight': None}
2020-03-09 10:46:48,696 - INFO - 485 : ActivityCompleted: Activity=ComputeMetrics, HowEnded=Success, Duration=16.0[ms]
2020-03-09 10:46:48,698 - INFO - 467 : ActivityStarted: TimeFit
2020-03-09 10:46:48,712 - INFO - 485 : ActivityCompleted: Activity=TimeFit, HowEnded=Success, Duration=13.99[ms]
2020-03-09 10:46:48,712 - INFO - 467 : ActivityStarted: ComputeMetrics
2020-03-09 10:46:48,713 - INFO - 467 : ActivityStarted: Predict
2020-03-09 10:46:48,713 - INFO - 485 : ActivityCompleted: Activity=Predict, HowEnded=Success, Duration=0.0[ms]
2020-03-09 10:46:48,714 - INFO - 325 : Classification metrics debug: {'y_test': (7,), 'y_pred_probs': (7, 2), 'unique_y_test': (2,), 'class_labels': (2,), 'train_labels': (2,), 'n_missing_train': 0, 'n_missing_valid': 0, 'sample_weight': None}
2020-03-09 10:46:48,728 - INFO - 485 : ActivityCompleted: Activity=ComputeMetrics, HowEnded=Success, Duration=16.01[ms]
2020-03-09 10:46:48,730 - INFO - 467 : ActivityStarted: TimeFit
2020-03-09 10:46:48,744 - INFO - 485 : ActivityCompleted: Activity=TimeFit, HowEnded=Success, Duration=14.0[ms]
2020-03-09 10:46:48,744 - INFO - 467 : ActivityStarted: ComputeMetrics
2020-03-09 10:46:48,745 - INFO - 467 : ActivityStarted: Predict
2020-03-09 10:46:48,745 - INFO - 485 : ActivityCompleted: Activity=Predict, HowEnded=Success, Duration=0.0[ms]
2020-03-09 10:46:48,746 - INFO - 325 : Classification metrics debug: {'y_test': (7,), 'y_pred_probs': (7, 2), 'unique_y_test': (2,), 'class_labels': (2,), 'train_labels': (2,), 'n_missing_train': 0, 'n_missing_valid': 0, 'sample_weight': None}
2020-03-09 10:46:48,760 - INFO - 485 : ActivityCompleted: Activity=ComputeMetrics, HowEnded=Success, Duration=16.0[ms]
2020-03-09 10:46:48,762 - INFO - 467 : ActivityStarted: TimeFit
2020-03-09 10:46:48,775 - INFO - 485 : ActivityCompleted: Activity=TimeFit, HowEnded=Success, Duration=13.0[ms]
2020-03-09 10:46:48,776 - INFO - 467 : ActivityStarted: ComputeMetrics
2020-03-09 10:46:48,777 - INFO - 467 : ActivityStarted: Predict
2020-03-09 10:46:48,777 - INFO - 485 : ActivityCompleted: Activity=Predict, HowEnded=Success, Duration=0.0[ms]
2020-03-09 10:46:48,778 - INFO - 325 : Classification metrics debug: {'y_test': (6,), 'y_pred_probs': (6, 2), 'unique_y_test': (2,), 'class_labels': (2,), 'train_labels': (2,), 'n_missing_train': 0, 'n_missing_valid': 0, 'sample_weight': None}
2020-03-09 10:46:48,793 - INFO - 485 : ActivityCompleted: Activity=ComputeMetrics, HowEnded=Success, Duration=17.0[ms]
2020-03-09 10:46:48,795 - INFO - 467 : ActivityStarted: TimeFit
2020-03-09 10:46:48,808 - INFO - 485 : ActivityCompleted: Activity=TimeFit, HowEnded=Success, Duration=13.0[ms]
2020-03-09 10:46:48,809 - INFO - 467 : ActivityStarted: ComputeMetrics
2020-03-09 10:46:48,809 - INFO - 467 : ActivityStarted: Predict
2020-03-09 10:46:48,810 - INFO - 485 : ActivityCompleted: Activity=Predict, HowEnded=Success, Duration=1.0[ms]
2020-03-09 10:46:48,811 - INFO - 325 : Classification metrics debug: {'y_test': (6,), 'y_pred_probs': (6, 2), 'unique_y_test': (2,), 'class_labels': (2,), 'train_labels': (2,), 'n_missing_train': 0, 'n_missing_valid': 0, 'sample_weight': None}
2020-03-09 10:46:48,825 - INFO - 485 : ActivityCompleted: Activity=ComputeMetrics, HowEnded=Success, Duration=16.0[ms]
2020-03-09 10:46:48,827 - INFO - 467 : ActivityStarted: TimeFit
2020-03-09 10:46:48,841 - INFO - 485 : ActivityCompleted: Activity=TimeFit, HowEnded=Success, Duration=13.98[ms]
2020-03-09 10:46:48,842 - INFO - 467 : ActivityStarted: ComputeMetrics
2020-03-09 10:46:48,842 - INFO - 467 : ActivityStarted: Predict
2020-03-09 10:46:48,843 - INFO - 485 : ActivityCompleted: Activity=Predict, HowEnded=Success, Duration=1.0[ms]
2020-03-09 10:46:48,844 - INFO - 325 : Classification metrics debug: {'y_test': (6,), 'y_pred_probs': (6, 2), 'unique_y_test': (2,), 'class_labels': (2,), 'train_labels': (2,), 'n_missing_train': 0, 'n_missing_valid': 0, 'sample_weight': None}
2020-03-09 10:46:48,857 - INFO - 485 : ActivityCompleted: Activity=ComputeMetrics, HowEnded=Success, Duration=15.0[ms]
2020-03-09 10:46:48,859 - INFO - 467 : ActivityStarted: TimeFit
2020-03-09 10:46:48,872 - INFO - 485 : ActivityCompleted: Activity=TimeFit, HowEnded=Success, Duration=13.02[ms]
2020-03-09 10:46:48,873 - INFO - 467 : ActivityStarted: ComputeMetrics
2020-03-09 10:46:48,874 - INFO - 467 : ActivityStarted: Predict
2020-03-09 10:46:48,874 - INFO - 485 : ActivityCompleted: Activity=Predict, HowEnded=Success, Duration=0.0[ms]
2020-03-09 10:46:48,875 - INFO - 325 : Classification metrics debug: {'y_test': (6,), 'y_pred_probs': (6, 2), 'unique_y_test': (2,), 'class_labels': (2,), 'train_labels': (2,), 'n_missing_train': 0, 'n_missing_valid': 0, 'sample_weight': None}
2020-03-09 10:46:48,889 - INFO - 485 : ActivityCompleted: Activity=ComputeMetrics, HowEnded=Success, Duration=15.98[ms]
2020-03-09 10:46:48,891 - INFO - 467 : ActivityStarted: TimeFit
2020-03-09 10:46:48,904 - INFO - 485 : ActivityCompleted: Activity=TimeFit, HowEnded=Success, Duration=13.02[ms]
2020-03-09 10:46:48,905 - INFO - 467 : ActivityStarted: ComputeMetrics
2020-03-09 10:46:48,905 - INFO - 467 : ActivityStarted: Predict
2020-03-09 10:46:48,905 - INFO - 485 : ActivityCompleted: Activity=Predict, HowEnded=Success, Duration=0.0[ms]
2020-03-09 10:46:48,906 - INFO - 325 : Classification metrics debug: {'y_test': (6,), 'y_pred_probs': (6, 2), 'unique_y_test': (2,), 'class_labels': (2,), 'train_labels': (2,), 'n_missing_train': 0, 'n_missing_valid': 0, 'sample_weight': None}
2020-03-09 10:46:48,921 - INFO - 485 : ActivityCompleted: Activity=ComputeMetrics, HowEnded=Success, Duration=15.98[ms]
2020-03-09 10:46:48,921 - INFO - 485 : ActivityCompleted: Activity=RunCV, HowEnded=Success, Duration=319.98[ms]
2020-03-09 10:46:48,922 - INFO - 467 : ActivityStarted: RunCVMean
2020-03-09 10:46:48,927 - INFO - 485 : ActivityCompleted: Activity=RunCVMean, HowEnded=Success, Duration=5.0[ms]
2020-03-09 10:46:48,996 - INFO - 485 : ActivityCompleted: Activity=Run, HowEnded=Success, Duration=397.99[ms]
2020-03-09 10:46:49,541 - INFO - 325 : Limits set to mem_in_mb=None, wall_time_in_s=1200, total_wall_time_in_s=31449600, cpu_time_in_s=None, num_processes=None, grace_period_in_s=None, 
2020-03-09 10:46:49,542 - INFO - 325 : Calling function <bound method ClientRunner._run of <automl.client.core.runtime.runner.ClientRunner object at 0x000001D1EACB17B8>> with argument types: [<class 'automl.client.core.runtime.datasets.ClientDatasets'>, <class 'automl.client.core.runtime.pipeline_spec.PipelineSpec'>, <class 'automl.client.core.runtime.problem_info.ProblemInfo'>], {'sets_to_run': <class 'list'>, 'subsample_percent': <class 'NoneType'>, 'random_state': <class 'NoneType'>, 'subsample_seed': <class 'int'>, 'include_models': <class 'bool'>}
2020-03-09 10:46:51,458 - INFO - 325 : memory usage 416194560
2020-03-09 10:46:51,459 - INFO - 325 : child memory usage 587964416
2020-03-09 10:46:51,467 - INFO - 325 : cpu time 47.765625
2020-03-09 10:46:51,467 - INFO - 325 : child cpu time 652.5625
2020-03-09 10:46:57,236 - INFO - 467 : ActivityStarted: Run
2020-03-09 10:46:57,239 - INFO - 467 : ActivityStarted: TrainFull
2020-03-09 10:46:57,240 - INFO - 467 : ActivityStarted: TimeFit
2020-03-09 10:46:57,253 - INFO - 485 : ActivityCompleted: Activity=TimeFit, HowEnded=Success, Duration=13.0[ms]
2020-03-09 10:46:57,254 - INFO - 467 : ActivityStarted: ComputeMetrics
2020-03-09 10:46:57,254 - INFO - 467 : ActivityStarted: Predict
2020-03-09 10:46:57,255 - INFO - 485 : ActivityCompleted: Activity=Predict, HowEnded=Success, Duration=1.0[ms]
2020-03-09 10:46:57,256 - INFO - 325 : Classification metrics debug: {'y_test': (65,), 'y_pred_probs': (65, 2), 'unique_y_test': (2,), 'class_labels': (2,), 'train_labels': (2,), 'n_missing_train': 0, 'n_missing_valid': 0, 'sample_weight': None}
2020-03-09 10:46:57,270 - INFO - 485 : ActivityCompleted: Activity=ComputeMetrics, HowEnded=Success, Duration=16.0[ms]
2020-03-09 10:46:57,270 - INFO - 485 : ActivityCompleted: Activity=TrainFull, HowEnded=Success, Duration=31.0[ms]
2020-03-09 10:46:57,342 - INFO - 485 : ActivityCompleted: Activity=Run, HowEnded=Success, Duration=106.0[ms]
2020-03-09 10:46:57,699 - INFO - 325 : ActivityCompleted: Activity=RunPipeline, HowEnded=Success, Duration=16668.0[ms]
2020-03-09 10:46:57,706 - INFO - 325 : [RunId:AutoML_9f9ecdd4-88f3-4137-8ded-8b50b474c558_47][After executing pipeline]memory usage 416231424
2020-03-09 10:46:57,707 - INFO - 325 : [RunId:AutoML_9f9ecdd4-88f3-4137-8ded-8b50b474c558_47][After executing pipeline]child memory usage 515825664
2020-03-09 10:46:57,707 - INFO - 325 : [RunId:AutoML_9f9ecdd4-88f3-4137-8ded-8b50b474c558_47][After executing pipeline]cpu time 47.8125
2020-03-09 10:46:57,707 - INFO - 325 : [RunId:AutoML_9f9ecdd4-88f3-4137-8ded-8b50b474c558_47][After executing pipeline]child cpu time 655.75
2020-03-09 10:46:57,708 - INFO - 325 : Pipeline execution finished with a score of 0.5687499999999999
2020-03-09 10:46:57,708 - INFO - 325 : Start logging metrics for child run.
2020-03-09 10:46:57,708 - INFO - 325 : ActivityStarted: MetricsAndSaveModel
2020-03-09 10:47:00,568 - WARNING - 325 : Did not recognize metric: predict_time. Will not log.
2020-03-09 10:47:00,568 - WARNING - 325 : Did not recognize metric: fit_time. Will not log.
2020-03-09 10:47:00,574 - WARNING - 325 : Did not recognize metric: train time. Will not log.
2020-03-09 10:47:00,574 - INFO - 325 : run_id:AutoML_9f9ecdd4-88f3-4137-8ded-8b50b474c558_47, pipeline_id:305d945d5bfc052d1c94e8a8af2e576d868fa3fb,The following metrics have been logged for the child run: {'confusion_matrix': <class 'dict'>, 'recall_score_micro': 0.5666666666666667, 'precision_score_micro': 0.5666666666666667, 'norm_macro_recall': 0.0, 'average_precision_score_micro': 0.6200634814920528, 'recall_score_macro': 0.4708333333333333, 'recall_score_weighted': 0.5666666666666667, 'AUC_micro': 0.6026077097505669, 'AUC_weighted': 0.5687499999999999, 'average_precision_score_weighted': 0.6268990929705216, 'log_loss': 0.700163936461142, 'AUC_macro': 0.5687499999999999, 'average_precision_score_macro': 0.5718452380952381, 'f1_score_micro': 0.5666666666666667, 'matthews_correlation': -0.07634413615167959, 'accuracy_table': <class 'dict'>, 'weighted_accuracy': 0.6259009725906278, 'f1_score_macro': 0.3548484848484848, 'precision_score_macro': 0.2916666666666667, 'accuracy': 0.5666666666666667, 'precision_score_weighted': 0.37071428571428566, 'balanced_accuracy': 0.4708333333333333, 'f1_score_weighted': 0.4430808080808081, 'predict_time': 0.0009003, 'fit_time': 0.0134013, 'train time': 0.014301600000000001}.
2020-03-09 10:47:00,575 - INFO - 325 : Marking the Run AutoML_9f9ecdd4-88f3-4137-8ded-8b50b474c558_47 as Completed.
2020-03-09 10:47:01,372 - INFO - 325 : Component CompleteRun finished after 0.3392167 minutes.
2020-03-09 10:47:01,372 - INFO - 325 : Bypassing model explanations as the explanations for the best run will be performed during training
2020-03-09 10:47:01,372 - INFO - 325 : ActivityCompleted: Activity=MetricsAndSaveModel, HowEnded=Success, Duration=3664.0[ms]
2020-03-09 10:47:01,469 - INFO - 325 : memory usage 416681984
2020-03-09 10:47:01,469 - INFO - 325 : child memory usage 516259840
2020-03-09 10:47:01,470 - INFO - 325 : cpu time 48.046875
2020-03-09 10:47:01,470 - INFO - 325 : child cpu time 655.75
2020-03-09 10:47:01,873 - INFO - 325 : [RunId:AutoML_9f9ecdd4-88f3-4137-8ded-8b50b474c558_47][End fit_pipeline]memory usage 416681984
2020-03-09 10:47:01,873 - INFO - 325 : [RunId:AutoML_9f9ecdd4-88f3-4137-8ded-8b50b474c558_47][End fit_pipeline]child memory usage 516255744
2020-03-09 10:47:01,873 - INFO - 325 : [RunId:AutoML_9f9ecdd4-88f3-4137-8ded-8b50b474c558_47][End fit_pipeline]cpu time 48.0625
2020-03-09 10:47:01,873 - INFO - 325 : [RunId:AutoML_9f9ecdd4-88f3-4137-8ded-8b50b474c558_47][End fit_pipeline]child cpu time 655.75
2020-03-09 10:47:01,875 - INFO - 325 : ActivityCompleted: Activity=FitIteration, HowEnded=Success, Duration=24412.0 [ms]
2020-03-09 10:47:01,876 - INFO - 325 : Start iteration: 48
2020-03-09 10:47:01,876 - INFO - 325 : ActivityStarted, FitIteration
2020-03-09 10:47:01,876 - INFO - 325 : ActivityStarted, GetPipeline
2020-03-09 10:47:01,876 - INFO - 325 : Querying Jasmine for next task.
2020-03-09 10:47:02,172 - INFO - 325 : ActivityCompleted: Activity=GetPipeline, HowEnded=Success, Duration=295.99 [ms]
2020-03-09 10:47:02,173 - INFO - 325 : Received pipeline ID __AutoML_Ensemble__
2020-03-09 10:47:02,790 - INFO - 325 : [RunId:AutoML_9f9ecdd4-88f3-4137-8ded-8b50b474c558_48]CPU logical cores: 8, CPU cores: 4, virtual memory: 17080860672, swap memory: 24930336768.
2020-03-09 10:47:02,790 - INFO - 325 : [RunId:AutoML_9f9ecdd4-88f3-4137-8ded-8b50b474c558_48]Platform information: Windows-10-10.0.18362-SP0.
2020-03-09 10:47:02,791 - INFO - 325 : [RunId:AutoML_9f9ecdd4-88f3-4137-8ded-8b50b474c558_48][Starting fit_pipeline]memory usage 416681984
2020-03-09 10:47:02,791 - INFO - 325 : [RunId:AutoML_9f9ecdd4-88f3-4137-8ded-8b50b474c558_48][Starting fit_pipeline]child memory usage 516255744
2020-03-09 10:47:02,791 - INFO - 325 : [RunId:AutoML_9f9ecdd4-88f3-4137-8ded-8b50b474c558_48][Starting fit_pipeline]cpu time 48.1875
2020-03-09 10:47:02,791 - INFO - 325 : [RunId:AutoML_9f9ecdd4-88f3-4137-8ded-8b50b474c558_48][Starting fit_pipeline]child cpu time 655.75
2020-03-09 10:47:02,791 - INFO - 325 : [RunId:AutoML_9f9ecdd4-88f3-4137-8ded-8b50b474c558_48]CPU logical cores: 8, CPU cores: 4, virtual memory: 17080860672, swap memory: 24930336768.
2020-03-09 10:47:02,792 - INFO - 325 : [RunId:AutoML_9f9ecdd4-88f3-4137-8ded-8b50b474c558_48]Platform information: Windows-10-10.0.18362-SP0.
2020-03-09 10:47:02,792 - INFO - 325 : Using child run AutoML_9f9ecdd4-88f3-4137-8ded-8b50b474c558_48
2020-03-09 10:47:02,792 - INFO - 325 : [RunId:AutoML_9f9ecdd4-88f3-4137-8ded-8b50b474c558_48][Before preprocess]memory usage 416681984
2020-03-09 10:47:02,792 - INFO - 325 : [RunId:AutoML_9f9ecdd4-88f3-4137-8ded-8b50b474c558_48][Before preprocess]child memory usage 516255744
2020-03-09 10:47:02,793 - INFO - 325 : [RunId:AutoML_9f9ecdd4-88f3-4137-8ded-8b50b474c558_48][Before preprocess]cpu time 48.1875
2020-03-09 10:47:02,793 - INFO - 325 : [RunId:AutoML_9f9ecdd4-88f3-4137-8ded-8b50b474c558_48][Before preprocess]child cpu time 655.75
2020-03-09 10:47:02,801 - INFO - 325 : [RunId:AutoML_9f9ecdd4-88f3-4137-8ded-8b50b474c558_48][Before executing pipeline]memory usage 416698368
2020-03-09 10:47:02,801 - INFO - 325 : [RunId:AutoML_9f9ecdd4-88f3-4137-8ded-8b50b474c558_48][Before executing pipeline]child memory usage 516272128
2020-03-09 10:47:02,801 - INFO - 325 : [RunId:AutoML_9f9ecdd4-88f3-4137-8ded-8b50b474c558_48][Before executing pipeline]cpu time 48.203125
2020-03-09 10:47:02,801 - INFO - 325 : [RunId:AutoML_9f9ecdd4-88f3-4137-8ded-8b50b474c558_48][Before executing pipeline]child cpu time 655.75
2020-03-09 10:47:02,801 - INFO - 325 : Component PrepareData finished after 0.00018331666666666666 minutes.
2020-03-09 10:47:02,802 - INFO - 325 : ActivityStarted: RunPipeline
2020-03-09 10:47:02,972 - INFO - 325 : Limits set to mem_in_mb=None, wall_time_in_s=1200, total_wall_time_in_s=31449600, cpu_time_in_s=None, num_processes=None, grace_period_in_s=None, 
2020-03-09 10:47:02,973 - INFO - 325 : Calling function <bound method ClientRunner._run_ensembling_internal of <automl.client.core.runtime.runner.ClientRunner object at 0x000001D1EC502518>> with argument types: [<class 'automl.client.core.runtime.datasets.ClientDatasets'>, <class 'automl.client.core.runtime.pipeline_spec.PipelineSpec'>, <class 'automl.client.core.runtime.problem_info.ProblemInfo'>], {'sets_to_run': <class 'list'>, 'subsample_percent': <class 'float'>, 'random_state': <class 'NoneType'>, 'subsample_seed': <class 'NoneType'>, 'include_models': <class 'bool'>}
2020-03-09 10:47:10,404 - INFO - 467 : ActivityStarted: RunEnsembling
2020-03-09 10:47:11,322 - INFO - 467 : ActivityStarted: TimeFitEnsemble
2020-03-09 10:47:11,470 - INFO - 325 : memory usage 416661504
2020-03-09 10:47:11,471 - INFO - 325 : child memory usage 788226048
2020-03-09 10:47:11,476 - INFO - 325 : cpu time 48.25
2020-03-09 10:47:11,479 - INFO - 325 : child cpu time 660.15625
2020-03-09 10:47:21,254 - INFO - 325 : Fetching fitted models for best 48 previous iterations
2020-03-09 10:47:21,254 - INFO - 325 : ActivityStarted: DownloadEnsemblingModels
2020-03-09 10:47:21,480 - INFO - 325 : memory usage 416665600
2020-03-09 10:47:21,481 - INFO - 325 : child memory usage 826966016
2020-03-09 10:47:21,482 - INFO - 325 : cpu time 48.28125
2020-03-09 10:47:21,482 - INFO - 325 : child cpu time 661.609375
2020-03-09 10:47:21,861 - INFO - 325 : Download fitted model of size 120783 for child run AutoML_9f9ecdd4-88f3-4137-8ded-8b50b474c558_28
2020-03-09 10:47:21,949 - INFO - 325 : Download fitted model of size 36478 for child run AutoML_9f9ecdd4-88f3-4137-8ded-8b50b474c558_24
2020-03-09 10:47:21,953 - INFO - 325 : Download fitted model of size 98528 for child run AutoML_9f9ecdd4-88f3-4137-8ded-8b50b474c558_30
2020-03-09 10:47:21,958 - INFO - 325 : Download fitted model of size 95127 for child run AutoML_9f9ecdd4-88f3-4137-8ded-8b50b474c558_5
2020-03-09 10:47:21,958 - INFO - 325 : Download fitted model of size 43024 for child run AutoML_9f9ecdd4-88f3-4137-8ded-8b50b474c558_11
2020-03-09 10:47:21,966 - INFO - 325 : Download fitted model of size 153913 for child run AutoML_9f9ecdd4-88f3-4137-8ded-8b50b474c558_35
2020-03-09 10:47:22,001 - INFO - 325 : Download fitted model of size 147723 for child run AutoML_9f9ecdd4-88f3-4137-8ded-8b50b474c558_26
2020-03-09 10:47:22,054 - INFO - 325 : Download fitted model of size 121127 for child run AutoML_9f9ecdd4-88f3-4137-8ded-8b50b474c558_10
2020-03-09 10:47:22,055 - INFO - 325 : Download fitted model of size 108027 for child run AutoML_9f9ecdd4-88f3-4137-8ded-8b50b474c558_20
2020-03-09 10:47:22,055 - INFO - 325 : Download fitted model of size 43024 for child run AutoML_9f9ecdd4-88f3-4137-8ded-8b50b474c558_3
2020-03-09 10:47:22,103 - INFO - 325 : Download fitted model of size 112246 for child run AutoML_9f9ecdd4-88f3-4137-8ded-8b50b474c558_27
2020-03-09 10:47:22,271 - INFO - 325 : Download fitted model of size 34799 for child run AutoML_9f9ecdd4-88f3-4137-8ded-8b50b474c558_29
2020-03-09 10:47:22,292 - INFO - 325 : Download fitted model of size 71211 for child run AutoML_9f9ecdd4-88f3-4137-8ded-8b50b474c558_0
2020-03-09 10:47:22,294 - INFO - 325 : Download fitted model of size 51040 for child run AutoML_9f9ecdd4-88f3-4137-8ded-8b50b474c558_19
2020-03-09 10:47:22,296 - INFO - 325 : Download fitted model of size 43021 for child run AutoML_9f9ecdd4-88f3-4137-8ded-8b50b474c558_15
2020-03-09 10:47:22,303 - INFO - 325 : Download fitted model of size 78279 for child run AutoML_9f9ecdd4-88f3-4137-8ded-8b50b474c558_4
2020-03-09 10:47:22,306 - INFO - 325 : Download fitted model of size 297327 for child run AutoML_9f9ecdd4-88f3-4137-8ded-8b50b474c558_22
2020-03-09 10:47:22,317 - INFO - 325 : Download fitted model of size 201974 for child run AutoML_9f9ecdd4-88f3-4137-8ded-8b50b474c558_46
2020-03-09 10:47:22,317 - INFO - 325 : Download fitted model of size 71619 for child run AutoML_9f9ecdd4-88f3-4137-8ded-8b50b474c558_40
2020-03-09 10:47:22,319 - INFO - 325 : Download fitted model of size 68647 for child run AutoML_9f9ecdd4-88f3-4137-8ded-8b50b474c558_13
2020-03-09 10:47:22,337 - INFO - 325 : Download fitted model of size 255477 for child run AutoML_9f9ecdd4-88f3-4137-8ded-8b50b474c558_12
2020-03-09 10:47:22,342 - INFO - 325 : Download fitted model of size 43136 for child run AutoML_9f9ecdd4-88f3-4137-8ded-8b50b474c558_6
2020-03-09 10:47:22,342 - INFO - 325 : Download fitted model of size 71356 for child run AutoML_9f9ecdd4-88f3-4137-8ded-8b50b474c558_9
2020-03-09 10:47:22,354 - INFO - 325 : Download fitted model of size 71007 for child run AutoML_9f9ecdd4-88f3-4137-8ded-8b50b474c558_32
2020-03-09 10:47:22,374 - INFO - 325 : Download fitted model of size 135386 for child run AutoML_9f9ecdd4-88f3-4137-8ded-8b50b474c558_31
2020-03-09 10:47:22,388 - INFO - 325 : Download fitted model of size 45315 for child run AutoML_9f9ecdd4-88f3-4137-8ded-8b50b474c558_8
2020-03-09 10:47:22,393 - INFO - 325 : Download fitted model of size 43045 for child run AutoML_9f9ecdd4-88f3-4137-8ded-8b50b474c558_2
2020-03-09 10:47:22,426 - INFO - 325 : Download fitted model of size 81393 for child run AutoML_9f9ecdd4-88f3-4137-8ded-8b50b474c558_44
2020-03-09 10:47:22,478 - INFO - 325 : Download fitted model of size 241961 for child run AutoML_9f9ecdd4-88f3-4137-8ded-8b50b474c558_14
2020-03-09 10:47:22,543 - INFO - 325 : Download fitted model of size 415554 for child run AutoML_9f9ecdd4-88f3-4137-8ded-8b50b474c558_18
2020-03-09 10:47:22,546 - INFO - 325 : Download fitted model of size 398695 for child run AutoML_9f9ecdd4-88f3-4137-8ded-8b50b474c558_47
2020-03-09 10:47:22,549 - INFO - 325 : Download fitted model of size 423370 for child run AutoML_9f9ecdd4-88f3-4137-8ded-8b50b474c558_37
2020-03-09 10:47:22,557 - INFO - 325 : Download fitted model of size 318078 for child run AutoML_9f9ecdd4-88f3-4137-8ded-8b50b474c558_1
2020-03-09 10:47:22,583 - INFO - 325 : Download fitted model of size 222224 for child run AutoML_9f9ecdd4-88f3-4137-8ded-8b50b474c558_17
2020-03-09 10:47:22,726 - INFO - 325 : Download fitted model of size 760906 for child run AutoML_9f9ecdd4-88f3-4137-8ded-8b50b474c558_21
2020-03-09 10:47:22,731 - INFO - 325 : Download fitted model of size 205194 for child run AutoML_9f9ecdd4-88f3-4137-8ded-8b50b474c558_45
2020-03-09 10:47:22,854 - INFO - 325 : Download fitted model of size 42062 for child run AutoML_9f9ecdd4-88f3-4137-8ded-8b50b474c558_23
2020-03-09 10:47:22,871 - INFO - 325 : Download fitted model of size 36670 for child run AutoML_9f9ecdd4-88f3-4137-8ded-8b50b474c558_41
2020-03-09 10:47:22,891 - INFO - 325 : Download fitted model of size 110651 for child run AutoML_9f9ecdd4-88f3-4137-8ded-8b50b474c558_33
2020-03-09 10:47:22,912 - INFO - 325 : Download fitted model of size 51027 for child run AutoML_9f9ecdd4-88f3-4137-8ded-8b50b474c558_16
2020-03-09 10:47:22,914 - INFO - 325 : Download fitted model of size 1484096 for child run AutoML_9f9ecdd4-88f3-4137-8ded-8b50b474c558_39
2020-03-09 10:47:22,916 - INFO - 325 : Download fitted model of size 36561 for child run AutoML_9f9ecdd4-88f3-4137-8ded-8b50b474c558_36
2020-03-09 10:47:22,997 - INFO - 325 : Download fitted model of size 1522971 for child run AutoML_9f9ecdd4-88f3-4137-8ded-8b50b474c558_34
2020-03-09 10:47:23,060 - INFO - 325 : Download fitted model of size 1625953 for child run AutoML_9f9ecdd4-88f3-4137-8ded-8b50b474c558_25
2020-03-09 10:47:23,242 - INFO - 325 : Download fitted model of size 1439224 for child run AutoML_9f9ecdd4-88f3-4137-8ded-8b50b474c558_7
2020-03-09 10:47:23,461 - INFO - 325 : Download fitted model of size 2818851 for child run AutoML_9f9ecdd4-88f3-4137-8ded-8b50b474c558_43
2020-03-09 10:47:23,662 - INFO - 325 : Download fitted model of size 3635807 for child run AutoML_9f9ecdd4-88f3-4137-8ded-8b50b474c558_42
2020-03-09 10:47:23,665 - INFO - 325 : Download fitted model of size 3139744 for child run AutoML_9f9ecdd4-88f3-4137-8ded-8b50b474c558_38
2020-03-09 10:47:24,271 - INFO - 325 : ActivityCompleted: Activity=DownloadEnsemblingModels, HowEnded=Success, Duration=3016.0[ms]
2020-03-09 10:47:31,495 - INFO - 325 : memory usage 416661504
2020-03-09 10:47:31,496 - INFO - 325 : child memory usage 917278720
2020-03-09 10:47:31,497 - INFO - 325 : cpu time 48.34375
2020-03-09 10:47:31,497 - INFO - 325 : child cpu time 666.359375
2020-03-09 10:47:33,409 - INFO - 325 : Fetched 48 fitted pipelines in 21 seconds
2020-03-09 10:47:41,503 - INFO - 325 : memory usage 416661504
2020-03-09 10:47:41,504 - INFO - 325 : child memory usage 916230144
2020-03-09 10:47:41,504 - INFO - 325 : cpu time 48.359375
2020-03-09 10:47:41,510 - INFO - 325 : child cpu time 668.0625
2020-03-09 10:47:49,113 - INFO - 325 : Single models scores: [0.58958333 0.58291667 0.57666667 0.57458333 0.57458333 0.57458333
 0.57458333 0.57458333 0.57041667 0.56875    0.56416667 0.56208333
 0.5475     0.54333333 0.54125    0.52875    0.52875    0.52458333
 0.52458333 0.52458333 0.52458333 0.5225     0.52041667 0.52041667
 0.51833333 0.51625    0.51625    0.51625    0.51291667 0.50791667
 0.50583333 0.50041667 0.50041667 0.5        0.5        0.5
 0.5        0.5        0.5        0.49625    0.49791667 0.4975
 0.49625    0.48958333 0.48375    0.48375    0.45958333 0.42291667]
2020-03-09 10:47:49,122 - INFO - 325 : Starting ensemble hill climbing. Current ensemble: [0, 1, 2, 3, 4], current score: 0.54125
2020-03-09 10:47:49,528 - INFO - 325 : Iteration 0, new best ensemble: [0, 1, 2, 3, 4, 18], new best score :0.55375
2020-03-09 10:47:50,342 - INFO - 325 : Iteration 2, new best ensemble: [0, 1, 2, 3, 4, 18, 2, 28], new best score :0.5579166666666666
2020-03-09 10:47:51,510 - INFO - 325 : memory usage 416661504
2020-03-09 10:47:51,511 - INFO - 325 : child memory usage 916611072
2020-03-09 10:47:51,511 - INFO - 325 : cpu time 48.390625
2020-03-09 10:47:51,512 - INFO - 325 : child cpu time 673.625
2020-03-09 10:47:53,181 - INFO - 325 : Final ensemble: [0, 1, 2, 3, 4, 18, 2, 28], score: 0.5579166666666666. Best individual model score: 0.5895833333333333
2020-03-09 10:47:53,181 - INFO - 325 : Unique models IDs in the ensemble: [0, 1, 2, 3, 4, 18, 28]. Weights: [0.125, 0.125, 0.25, 0.125, 0.125, 0.125, 0.125]
2020-03-09 10:47:53,182 - INFO - 325 : Selected the pipelines for the ensemble in 19 seconds
2020-03-09 10:47:53,706 - INFO - 325 : Ensembled iterations: [26, 43, 10, 39, 37, 31, 2]. Ensembled algos: ['LightGBM', 'RandomForest', 'ExtremeRandomTrees', 'RandomForest', 'ExtremeRandomTrees', 'RandomForest', 'SGD']
2020-03-09 10:47:53,954 - INFO - 325 : Download fitted model of size 36950 for child run AutoML_9f9ecdd4-88f3-4137-8ded-8b50b474c558_10
2020-03-09 10:47:54,017 - INFO - 325 : Download fitted model of size 28538 for child run AutoML_9f9ecdd4-88f3-4137-8ded-8b50b474c558_2
2020-03-09 10:47:54,020 - INFO - 325 : Download fitted model of size 40885 for child run AutoML_9f9ecdd4-88f3-4137-8ded-8b50b474c558_26
2020-03-09 10:47:54,020 - INFO - 325 : Download fitted model of size 307513 for child run AutoML_9f9ecdd4-88f3-4137-8ded-8b50b474c558_43
2020-03-09 10:47:54,036 - INFO - 325 : Download fitted model of size 38342 for child run AutoML_9f9ecdd4-88f3-4137-8ded-8b50b474c558_31
2020-03-09 10:47:54,060 - INFO - 325 : Download fitted model of size 172665 for child run AutoML_9f9ecdd4-88f3-4137-8ded-8b50b474c558_39
2020-03-09 10:47:54,082 - INFO - 325 : Download fitted model of size 66997 for child run AutoML_9f9ecdd4-88f3-4137-8ded-8b50b474c558_37
2020-03-09 10:47:56,007 - INFO - 485 : ActivityCompleted: Activity=TimeFitEnsemble, HowEnded=Success, Duration=44685.05[ms]
2020-03-09 10:47:56,009 - INFO - 467 : ActivityStarted: ComputeMetrics
2020-03-09 10:47:56,010 - INFO - 467 : ActivityStarted: Predict
2020-03-09 10:47:56,548 - INFO - 485 : ActivityCompleted: Activity=Predict, HowEnded=Success, Duration=538.0[ms]
2020-03-09 10:47:56,551 - INFO - 325 : Classification metrics debug: {'y_test': (7,), 'y_pred_probs': (7, 2), 'unique_y_test': (2,), 'class_labels': (2,), 'train_labels': (2,), 'n_missing_train': 0, 'n_missing_valid': 0, 'sample_weight': None}
2020-03-09 10:47:56,570 - INFO - 485 : ActivityCompleted: Activity=ComputeMetrics, HowEnded=Success, Duration=561.0[ms]
2020-03-09 10:47:56,572 - INFO - 467 : ActivityStarted: ComputeMetrics
2020-03-09 10:47:56,574 - INFO - 467 : ActivityStarted: Predict
2020-03-09 10:47:57,098 - INFO - 485 : ActivityCompleted: Activity=Predict, HowEnded=Success, Duration=524.0[ms]
2020-03-09 10:47:57,100 - INFO - 325 : Classification metrics debug: {'y_test': (7,), 'y_pred_probs': (7, 2), 'unique_y_test': (2,), 'class_labels': (2,), 'train_labels': (2,), 'n_missing_train': 0, 'n_missing_valid': 0, 'sample_weight': None}
2020-03-09 10:47:57,123 - INFO - 485 : ActivityCompleted: Activity=ComputeMetrics, HowEnded=Success, Duration=551.0[ms]
2020-03-09 10:47:57,126 - INFO - 467 : ActivityStarted: ComputeMetrics
2020-03-09 10:47:57,126 - INFO - 467 : ActivityStarted: Predict
2020-03-09 10:47:57,649 - INFO - 485 : ActivityCompleted: Activity=Predict, HowEnded=Success, Duration=523.0[ms]
2020-03-09 10:47:57,651 - INFO - 325 : Classification metrics debug: {'y_test': (7,), 'y_pred_probs': (7, 2), 'unique_y_test': (2,), 'class_labels': (2,), 'train_labels': (2,), 'n_missing_train': 0, 'n_missing_valid': 0, 'sample_weight': None}
2020-03-09 10:47:57,665 - INFO - 485 : ActivityCompleted: Activity=ComputeMetrics, HowEnded=Success, Duration=538.99[ms]
2020-03-09 10:47:57,667 - INFO - 467 : ActivityStarted: ComputeMetrics
2020-03-09 10:47:57,668 - INFO - 467 : ActivityStarted: Predict
2020-03-09 10:47:58,190 - INFO - 485 : ActivityCompleted: Activity=Predict, HowEnded=Success, Duration=522.0[ms]
2020-03-09 10:47:58,192 - INFO - 325 : Classification metrics debug: {'y_test': (7,), 'y_pred_probs': (7, 2), 'unique_y_test': (2,), 'class_labels': (2,), 'train_labels': (2,), 'n_missing_train': 0, 'n_missing_valid': 0, 'sample_weight': None}
2020-03-09 10:47:58,209 - INFO - 485 : ActivityCompleted: Activity=ComputeMetrics, HowEnded=Success, Duration=542.0[ms]
2020-03-09 10:47:58,211 - INFO - 467 : ActivityStarted: ComputeMetrics
2020-03-09 10:47:58,211 - INFO - 467 : ActivityStarted: Predict
2020-03-09 10:47:58,732 - INFO - 485 : ActivityCompleted: Activity=Predict, HowEnded=Success, Duration=521.0[ms]
2020-03-09 10:47:58,733 - INFO - 325 : Classification metrics debug: {'y_test': (7,), 'y_pred_probs': (7, 2), 'unique_y_test': (2,), 'class_labels': (2,), 'train_labels': (2,), 'n_missing_train': 0, 'n_missing_valid': 0, 'sample_weight': None}
2020-03-09 10:47:58,747 - INFO - 485 : ActivityCompleted: Activity=ComputeMetrics, HowEnded=Success, Duration=536.0[ms]
2020-03-09 10:47:58,749 - INFO - 467 : ActivityStarted: ComputeMetrics
2020-03-09 10:47:58,750 - INFO - 467 : ActivityStarted: Predict
2020-03-09 10:47:59,269 - INFO - 485 : ActivityCompleted: Activity=Predict, HowEnded=Success, Duration=519.0[ms]
2020-03-09 10:47:59,270 - INFO - 325 : Classification metrics debug: {'y_test': (6,), 'y_pred_probs': (6, 2), 'unique_y_test': (2,), 'class_labels': (2,), 'train_labels': (2,), 'n_missing_train': 0, 'n_missing_valid': 0, 'sample_weight': None}
2020-03-09 10:47:59,284 - INFO - 485 : ActivityCompleted: Activity=ComputeMetrics, HowEnded=Success, Duration=535.02[ms]
2020-03-09 10:47:59,286 - INFO - 467 : ActivityStarted: ComputeMetrics
2020-03-09 10:47:59,287 - INFO - 467 : ActivityStarted: Predict
2020-03-09 10:47:59,807 - INFO - 485 : ActivityCompleted: Activity=Predict, HowEnded=Success, Duration=519.98[ms]
2020-03-09 10:47:59,809 - INFO - 325 : Classification metrics debug: {'y_test': (6,), 'y_pred_probs': (6, 2), 'unique_y_test': (2,), 'class_labels': (2,), 'train_labels': (2,), 'n_missing_train': 0, 'n_missing_valid': 0, 'sample_weight': None}
2020-03-09 10:47:59,822 - INFO - 485 : ActivityCompleted: Activity=ComputeMetrics, HowEnded=Success, Duration=535.98[ms]
2020-03-09 10:47:59,824 - INFO - 467 : ActivityStarted: ComputeMetrics
2020-03-09 10:47:59,825 - INFO - 467 : ActivityStarted: Predict
2020-03-09 10:48:00,344 - INFO - 485 : ActivityCompleted: Activity=Predict, HowEnded=Success, Duration=519.01[ms]
2020-03-09 10:48:00,346 - INFO - 325 : Classification metrics debug: {'y_test': (6,), 'y_pred_probs': (6, 2), 'unique_y_test': (2,), 'class_labels': (2,), 'train_labels': (2,), 'n_missing_train': 0, 'n_missing_valid': 0, 'sample_weight': None}
2020-03-09 10:48:00,360 - INFO - 485 : ActivityCompleted: Activity=ComputeMetrics, HowEnded=Success, Duration=536.0[ms]
2020-03-09 10:48:00,362 - INFO - 467 : ActivityStarted: ComputeMetrics
2020-03-09 10:48:00,363 - INFO - 467 : ActivityStarted: Predict
2020-03-09 10:48:00,882 - INFO - 485 : ActivityCompleted: Activity=Predict, HowEnded=Success, Duration=519.0[ms]
2020-03-09 10:48:00,884 - INFO - 325 : Classification metrics debug: {'y_test': (6,), 'y_pred_probs': (6, 2), 'unique_y_test': (2,), 'class_labels': (2,), 'train_labels': (2,), 'n_missing_train': 0, 'n_missing_valid': 0, 'sample_weight': None}
2020-03-09 10:48:00,898 - INFO - 485 : ActivityCompleted: Activity=ComputeMetrics, HowEnded=Success, Duration=536.0[ms]
2020-03-09 10:48:00,899 - INFO - 467 : ActivityStarted: ComputeMetrics
2020-03-09 10:48:00,900 - INFO - 467 : ActivityStarted: Predict
2020-03-09 10:48:01,422 - INFO - 485 : ActivityCompleted: Activity=Predict, HowEnded=Success, Duration=522.02[ms]
2020-03-09 10:48:01,424 - INFO - 325 : Classification metrics debug: {'y_test': (6,), 'y_pred_probs': (6, 2), 'unique_y_test': (2,), 'class_labels': (2,), 'train_labels': (2,), 'n_missing_train': 0, 'n_missing_valid': 0, 'sample_weight': None}
2020-03-09 10:48:01,443 - INFO - 485 : ActivityCompleted: Activity=ComputeMetrics, HowEnded=Success, Duration=544.0[ms]
2020-03-09 10:48:01,518 - INFO - 325 : memory usage 416661504
2020-03-09 10:48:01,519 - INFO - 325 : child memory usage 905568256
2020-03-09 10:48:01,520 - INFO - 325 : cpu time 48.40625
2020-03-09 10:48:01,529 - INFO - 325 : child cpu time 678.859375
2020-03-09 10:48:01,546 - INFO - 485 : ActivityCompleted: Activity=RunEnsembling, HowEnded=Success, Duration=51141.03[ms]
2020-03-09 10:48:02,250 - INFO - 325 : ActivityCompleted: Activity=RunPipeline, HowEnded=Success, Duration=59448.2[ms]
2020-03-09 10:48:07,943 - INFO - 325 : Limits set to mem_in_mb=None, wall_time_in_s=1200, total_wall_time_in_s=31449600, cpu_time_in_s=None, num_processes=None, grace_period_in_s=None, 
2020-03-09 10:48:07,943 - INFO - 325 : Calling function <bound method ClientRunner._run_ensembling_internal of <automl.client.core.runtime.runner.ClientRunner object at 0x000001D1EB80B208>> with argument types: [<class 'automl.client.core.runtime.datasets.ClientDatasets'>, <class 'automl.client.core.runtime.pipeline_spec.PipelineSpec'>, <class 'automl.client.core.runtime.problem_info.ProblemInfo'>], {'sets_to_run': <class 'list'>, 'subsample_percent': <class 'float'>, 'random_state': <class 'NoneType'>, 'subsample_seed': <class 'NoneType'>, 'include_models': <class 'bool'>}
2020-03-09 10:48:11,531 - INFO - 325 : memory usage 417247232
2020-03-09 10:48:11,531 - INFO - 325 : child memory usage 612847616
2020-03-09 10:48:11,532 - INFO - 325 : cpu time 49.359375
2020-03-09 10:48:11,532 - INFO - 325 : child cpu time 681.34375
2020-03-09 10:48:15,708 - INFO - 467 : ActivityStarted: RunEnsembling
2020-03-09 10:48:16,531 - INFO - 467 : ActivityStarted: TimeFitEnsemble
2020-03-09 10:48:21,532 - INFO - 325 : memory usage 417206272
2020-03-09 10:48:21,533 - INFO - 325 : child memory usage 791945216
2020-03-09 10:48:21,533 - INFO - 325 : cpu time 49.375
2020-03-09 10:48:21,533 - INFO - 325 : child cpu time 684.21875
2020-03-09 10:48:26,754 - INFO - 325 : Fetching fitted models for best 48 previous iterations
2020-03-09 10:48:26,754 - INFO - 325 : ActivityStarted: DownloadEnsemblingModels
2020-03-09 10:48:27,351 - INFO - 325 : Download fitted model of size 45315 for child run AutoML_9f9ecdd4-88f3-4137-8ded-8b50b474c558_8
2020-03-09 10:48:27,436 - INFO - 325 : Download fitted model of size 147723 for child run AutoML_9f9ecdd4-88f3-4137-8ded-8b50b474c558_26
2020-03-09 10:48:27,450 - INFO - 325 : Download fitted model of size 36478 for child run AutoML_9f9ecdd4-88f3-4137-8ded-8b50b474c558_24
2020-03-09 10:48:27,530 - INFO - 325 : Download fitted model of size 120783 for child run AutoML_9f9ecdd4-88f3-4137-8ded-8b50b474c558_28
2020-03-09 10:48:27,532 - INFO - 325 : Download fitted model of size 108027 for child run AutoML_9f9ecdd4-88f3-4137-8ded-8b50b474c558_20
2020-03-09 10:48:27,533 - INFO - 325 : Download fitted model of size 43136 for child run AutoML_9f9ecdd4-88f3-4137-8ded-8b50b474c558_6
2020-03-09 10:48:27,538 - INFO - 325 : Download fitted model of size 201974 for child run AutoML_9f9ecdd4-88f3-4137-8ded-8b50b474c558_46
2020-03-09 10:48:27,543 - INFO - 325 : Download fitted model of size 43021 for child run AutoML_9f9ecdd4-88f3-4137-8ded-8b50b474c558_15
2020-03-09 10:48:27,551 - INFO - 325 : Download fitted model of size 43024 for child run AutoML_9f9ecdd4-88f3-4137-8ded-8b50b474c558_11
2020-03-09 10:48:27,584 - INFO - 325 : Download fitted model of size 121127 for child run AutoML_9f9ecdd4-88f3-4137-8ded-8b50b474c558_10
2020-03-09 10:48:27,585 - INFO - 325 : Download fitted model of size 43045 for child run AutoML_9f9ecdd4-88f3-4137-8ded-8b50b474c558_2
2020-03-09 10:48:27,727 - INFO - 325 : Download fitted model of size 135386 for child run AutoML_9f9ecdd4-88f3-4137-8ded-8b50b474c558_31
2020-03-09 10:48:27,749 - INFO - 325 : Download fitted model of size 112246 for child run AutoML_9f9ecdd4-88f3-4137-8ded-8b50b474c558_27
2020-03-09 10:48:27,756 - INFO - 325 : Download fitted model of size 34799 for child run AutoML_9f9ecdd4-88f3-4137-8ded-8b50b474c558_29
2020-03-09 10:48:27,807 - INFO - 325 : Download fitted model of size 68647 for child run AutoML_9f9ecdd4-88f3-4137-8ded-8b50b474c558_13
2020-03-09 10:48:27,837 - INFO - 325 : Download fitted model of size 222224 for child run AutoML_9f9ecdd4-88f3-4137-8ded-8b50b474c558_17
2020-03-09 10:48:27,860 - INFO - 325 : Download fitted model of size 205194 for child run AutoML_9f9ecdd4-88f3-4137-8ded-8b50b474c558_45
2020-03-09 10:48:27,922 - INFO - 325 : Download fitted model of size 423370 for child run AutoML_9f9ecdd4-88f3-4137-8ded-8b50b474c558_37
2020-03-09 10:48:27,933 - INFO - 325 : Download fitted model of size 51040 for child run AutoML_9f9ecdd4-88f3-4137-8ded-8b50b474c558_19
2020-03-09 10:48:27,935 - INFO - 325 : Download fitted model of size 95127 for child run AutoML_9f9ecdd4-88f3-4137-8ded-8b50b474c558_5
2020-03-09 10:48:27,946 - INFO - 325 : Download fitted model of size 98528 for child run AutoML_9f9ecdd4-88f3-4137-8ded-8b50b474c558_30
2020-03-09 10:48:27,949 - INFO - 325 : Download fitted model of size 297327 for child run AutoML_9f9ecdd4-88f3-4137-8ded-8b50b474c558_22
2020-03-09 10:48:27,949 - INFO - 325 : Download fitted model of size 71211 for child run AutoML_9f9ecdd4-88f3-4137-8ded-8b50b474c558_0
2020-03-09 10:48:27,984 - INFO - 325 : Download fitted model of size 71007 for child run AutoML_9f9ecdd4-88f3-4137-8ded-8b50b474c558_32
2020-03-09 10:48:27,985 - INFO - 325 : Download fitted model of size 81393 for child run AutoML_9f9ecdd4-88f3-4137-8ded-8b50b474c558_44
2020-03-09 10:48:27,987 - INFO - 325 : Download fitted model of size 43024 for child run AutoML_9f9ecdd4-88f3-4137-8ded-8b50b474c558_3
2020-03-09 10:48:27,996 - INFO - 325 : Download fitted model of size 71619 for child run AutoML_9f9ecdd4-88f3-4137-8ded-8b50b474c558_40
2020-03-09 10:48:28,002 - INFO - 325 : Download fitted model of size 415554 for child run AutoML_9f9ecdd4-88f3-4137-8ded-8b50b474c558_18
2020-03-09 10:48:28,004 - INFO - 325 : Download fitted model of size 153913 for child run AutoML_9f9ecdd4-88f3-4137-8ded-8b50b474c558_35
2020-03-09 10:48:28,017 - INFO - 325 : Download fitted model of size 241961 for child run AutoML_9f9ecdd4-88f3-4137-8ded-8b50b474c558_14
2020-03-09 10:48:28,038 - INFO - 325 : Download fitted model of size 255477 for child run AutoML_9f9ecdd4-88f3-4137-8ded-8b50b474c558_12
2020-03-09 10:48:28,126 - INFO - 325 : Download fitted model of size 398695 for child run AutoML_9f9ecdd4-88f3-4137-8ded-8b50b474c558_47
2020-03-09 10:48:28,137 - INFO - 325 : Download fitted model of size 318078 for child run AutoML_9f9ecdd4-88f3-4137-8ded-8b50b474c558_1
2020-03-09 10:48:28,155 - INFO - 325 : Download fitted model of size 78279 for child run AutoML_9f9ecdd4-88f3-4137-8ded-8b50b474c558_4
2020-03-09 10:48:28,246 - INFO - 325 : Download fitted model of size 760906 for child run AutoML_9f9ecdd4-88f3-4137-8ded-8b50b474c558_21
2020-03-09 10:48:28,462 - INFO - 325 : Download fitted model of size 36670 for child run AutoML_9f9ecdd4-88f3-4137-8ded-8b50b474c558_41
2020-03-09 10:48:28,487 - INFO - 325 : Download fitted model of size 110651 for child run AutoML_9f9ecdd4-88f3-4137-8ded-8b50b474c558_33
2020-03-09 10:48:28,495 - INFO - 325 : Download fitted model of size 42062 for child run AutoML_9f9ecdd4-88f3-4137-8ded-8b50b474c558_23
2020-03-09 10:48:28,496 - INFO - 325 : Download fitted model of size 36561 for child run AutoML_9f9ecdd4-88f3-4137-8ded-8b50b474c558_36
2020-03-09 10:48:28,512 - INFO - 325 : Download fitted model of size 1484096 for child run AutoML_9f9ecdd4-88f3-4137-8ded-8b50b474c558_39
2020-03-09 10:48:28,539 - INFO - 325 : Download fitted model of size 1522971 for child run AutoML_9f9ecdd4-88f3-4137-8ded-8b50b474c558_34
2020-03-09 10:48:28,540 - INFO - 325 : Download fitted model of size 51027 for child run AutoML_9f9ecdd4-88f3-4137-8ded-8b50b474c558_16
2020-03-09 10:48:28,772 - INFO - 325 : Download fitted model of size 71356 for child run AutoML_9f9ecdd4-88f3-4137-8ded-8b50b474c558_9
2020-03-09 10:48:28,784 - INFO - 325 : Download fitted model of size 1439224 for child run AutoML_9f9ecdd4-88f3-4137-8ded-8b50b474c558_7
2020-03-09 10:48:28,959 - INFO - 325 : Download fitted model of size 2818851 for child run AutoML_9f9ecdd4-88f3-4137-8ded-8b50b474c558_43
2020-03-09 10:48:29,141 - INFO - 325 : Download fitted model of size 1625953 for child run AutoML_9f9ecdd4-88f3-4137-8ded-8b50b474c558_25
2020-03-09 10:48:29,168 - INFO - 325 : Download fitted model of size 3139744 for child run AutoML_9f9ecdd4-88f3-4137-8ded-8b50b474c558_38
2020-03-09 10:48:29,254 - INFO - 325 : Download fitted model of size 3635807 for child run AutoML_9f9ecdd4-88f3-4137-8ded-8b50b474c558_42
2020-03-09 10:48:30,010 - INFO - 325 : ActivityCompleted: Activity=DownloadEnsemblingModels, HowEnded=Success, Duration=3256.0[ms]
2020-03-09 10:48:31,541 - INFO - 325 : memory usage 376356864
2020-03-09 10:48:31,542 - INFO - 325 : child memory usage 831033344
2020-03-09 10:48:31,551 - INFO - 325 : cpu time 49.375
2020-03-09 10:48:31,551 - INFO - 325 : child cpu time 689.96875
2020-03-09 10:48:38,198 - INFO - 325 : Fetched 48 fitted pipelines in 21 seconds
2020-03-09 10:48:41,553 - INFO - 325 : memory usage 376360960
2020-03-09 10:48:41,554 - INFO - 325 : child memory usage 830050304
2020-03-09 10:48:41,555 - INFO - 325 : cpu time 49.40625
2020-03-09 10:48:41,555 - INFO - 325 : child cpu time 691.59375
2020-03-09 10:48:51,560 - INFO - 325 : memory usage 376356864
2020-03-09 10:48:51,566 - INFO - 325 : child memory usage 830636032
2020-03-09 10:48:51,567 - INFO - 325 : cpu time 49.40625
2020-03-09 10:48:51,567 - INFO - 325 : child cpu time 694.28125
2020-03-09 10:48:53,913 - INFO - 325 : Single models scores: [0.58958333 0.58291667 0.57666667 0.57458333 0.57458333 0.57458333
 0.57458333 0.57458333 0.57041667 0.56875    0.56416667 0.56208333
 0.5475     0.54333333 0.54125    0.52875    0.52875    0.52458333
 0.52458333 0.52458333 0.52458333 0.5225     0.52041667 0.52041667
 0.51833333 0.51625    0.51625    0.51625    0.51291667 0.50791667
 0.50583333 0.50041667 0.50041667 0.5        0.5        0.5
 0.5        0.5        0.5        0.49625    0.49791667 0.4975
 0.49625    0.48958333 0.48375    0.48375    0.45958333 0.42291667]
2020-03-09 10:48:53,921 - INFO - 325 : Starting ensemble hill climbing. Current ensemble: [0, 1, 2, 3, 4], current score: 0.54125
2020-03-09 10:48:54,328 - INFO - 325 : Iteration 0, new best ensemble: [0, 1, 2, 3, 4, 18], new best score :0.55375
2020-03-09 10:48:55,136 - INFO - 325 : Iteration 2, new best ensemble: [0, 1, 2, 3, 4, 18, 2, 28], new best score :0.5579166666666666
2020-03-09 10:48:58,017 - INFO - 325 : Final ensemble: [0, 1, 2, 3, 4, 18, 2, 28], score: 0.5579166666666666. Best individual model score: 0.5895833333333333
2020-03-09 10:48:58,017 - INFO - 325 : Unique models IDs in the ensemble: [0, 1, 2, 3, 4, 18, 28]. Weights: [0.125, 0.125, 0.25, 0.125, 0.125, 0.125, 0.125]
2020-03-09 10:48:58,017 - INFO - 325 : Selected the pipelines for the ensemble in 19 seconds
2020-03-09 10:48:59,733 - INFO - 325 : Ensembled iterations: [26, 43, 10, 39, 37, 31, 2]. Ensembled algos: ['LightGBM', 'RandomForest', 'ExtremeRandomTrees', 'RandomForest', 'ExtremeRandomTrees', 'RandomForest', 'SGD']
2020-03-09 10:48:59,733 - INFO - 325 : Creating a Stack Ensemble out of iterations: [0, 1, 2, 3, 4, 18, 28]
2020-03-09 10:49:00,020 - INFO - 325 : Download fitted model of size 40885 for child run AutoML_9f9ecdd4-88f3-4137-8ded-8b50b474c558_26
2020-03-09 10:49:00,063 - INFO - 325 : Download fitted model of size 307513 for child run AutoML_9f9ecdd4-88f3-4137-8ded-8b50b474c558_43
2020-03-09 10:49:00,098 - INFO - 325 : Download fitted model of size 66997 for child run AutoML_9f9ecdd4-88f3-4137-8ded-8b50b474c558_37
2020-03-09 10:49:00,106 - INFO - 325 : Download fitted model of size 36950 for child run AutoML_9f9ecdd4-88f3-4137-8ded-8b50b474c558_10
2020-03-09 10:49:00,132 - INFO - 325 : Download fitted model of size 38342 for child run AutoML_9f9ecdd4-88f3-4137-8ded-8b50b474c558_31
2020-03-09 10:49:00,164 - INFO - 325 : Download fitted model of size 172665 for child run AutoML_9f9ecdd4-88f3-4137-8ded-8b50b474c558_39
2020-03-09 10:49:01,568 - INFO - 325 : memory usage 376356864
2020-03-09 10:49:01,576 - INFO - 325 : child memory usage 831709184
2020-03-09 10:49:01,577 - INFO - 325 : cpu time 49.453125
2020-03-09 10:49:01,578 - INFO - 325 : child cpu time 699.484375
2020-03-09 10:49:02,019 - INFO - 325 : Download fitted model of size 28538 for child run AutoML_9f9ecdd4-88f3-4137-8ded-8b50b474c558_2
2020-03-09 10:49:03,447 - INFO - 485 : ActivityCompleted: Activity=TimeFitEnsemble, HowEnded=Success, Duration=46916.1[ms]
2020-03-09 10:49:03,449 - INFO - 467 : ActivityStarted: ComputeMetrics
2020-03-09 10:49:03,450 - INFO - 467 : ActivityStarted: Predict
2020-03-09 10:49:03,974 - INFO - 485 : ActivityCompleted: Activity=Predict, HowEnded=Success, Duration=524.0[ms]
2020-03-09 10:49:03,976 - INFO - 325 : Classification metrics debug: {'y_test': (7,), 'y_pred_probs': (7, 2), 'unique_y_test': (2,), 'class_labels': (2,), 'train_labels': (2,), 'n_missing_train': 0, 'n_missing_valid': 0, 'sample_weight': None}
2020-03-09 10:49:03,992 - INFO - 485 : ActivityCompleted: Activity=ComputeMetrics, HowEnded=Success, Duration=543.0[ms]
2020-03-09 10:49:03,994 - INFO - 467 : ActivityStarted: ComputeMetrics
2020-03-09 10:49:03,995 - INFO - 467 : ActivityStarted: Predict
2020-03-09 10:49:04,518 - INFO - 485 : ActivityCompleted: Activity=Predict, HowEnded=Success, Duration=523.0[ms]
2020-03-09 10:49:04,520 - INFO - 325 : Classification metrics debug: {'y_test': (7,), 'y_pred_probs': (7, 2), 'unique_y_test': (2,), 'class_labels': (2,), 'train_labels': (2,), 'n_missing_train': 0, 'n_missing_valid': 0, 'sample_weight': None}
2020-03-09 10:49:04,535 - INFO - 485 : ActivityCompleted: Activity=ComputeMetrics, HowEnded=Success, Duration=541.0[ms]
2020-03-09 10:49:04,537 - INFO - 467 : ActivityStarted: ComputeMetrics
2020-03-09 10:49:04,538 - INFO - 467 : ActivityStarted: Predict
2020-03-09 10:49:05,059 - INFO - 485 : ActivityCompleted: Activity=Predict, HowEnded=Success, Duration=521.0[ms]
2020-03-09 10:49:05,061 - INFO - 325 : Classification metrics debug: {'y_test': (7,), 'y_pred_probs': (7, 2), 'unique_y_test': (2,), 'class_labels': (2,), 'train_labels': (2,), 'n_missing_train': 0, 'n_missing_valid': 0, 'sample_weight': None}
2020-03-09 10:49:05,074 - INFO - 485 : ActivityCompleted: Activity=ComputeMetrics, HowEnded=Success, Duration=537.0[ms]
2020-03-09 10:49:05,076 - INFO - 467 : ActivityStarted: ComputeMetrics
2020-03-09 10:49:05,077 - INFO - 467 : ActivityStarted: Predict
2020-03-09 10:49:05,598 - INFO - 485 : ActivityCompleted: Activity=Predict, HowEnded=Success, Duration=520.02[ms]
2020-03-09 10:49:05,600 - INFO - 325 : Classification metrics debug: {'y_test': (7,), 'y_pred_probs': (7, 2), 'unique_y_test': (2,), 'class_labels': (2,), 'train_labels': (2,), 'n_missing_train': 0, 'n_missing_valid': 0, 'sample_weight': None}
2020-03-09 10:49:05,618 - INFO - 485 : ActivityCompleted: Activity=ComputeMetrics, HowEnded=Success, Duration=542.0[ms]
2020-03-09 10:49:05,621 - INFO - 467 : ActivityStarted: ComputeMetrics
2020-03-09 10:49:05,622 - INFO - 467 : ActivityStarted: Predict
2020-03-09 10:49:06,145 - INFO - 485 : ActivityCompleted: Activity=Predict, HowEnded=Success, Duration=523.0[ms]
2020-03-09 10:49:06,147 - INFO - 325 : Classification metrics debug: {'y_test': (7,), 'y_pred_probs': (7, 2), 'unique_y_test': (2,), 'class_labels': (2,), 'train_labels': (2,), 'n_missing_train': 0, 'n_missing_valid': 0, 'sample_weight': None}
2020-03-09 10:49:06,161 - INFO - 485 : ActivityCompleted: Activity=ComputeMetrics, HowEnded=Success, Duration=540.0[ms]
2020-03-09 10:49:06,163 - INFO - 467 : ActivityStarted: ComputeMetrics
2020-03-09 10:49:06,164 - INFO - 467 : ActivityStarted: Predict
2020-03-09 10:49:06,685 - INFO - 485 : ActivityCompleted: Activity=Predict, HowEnded=Success, Duration=520.02[ms]
2020-03-09 10:49:06,687 - INFO - 325 : Classification metrics debug: {'y_test': (6,), 'y_pred_probs': (6, 2), 'unique_y_test': (2,), 'class_labels': (2,), 'train_labels': (2,), 'n_missing_train': 0, 'n_missing_valid': 0, 'sample_weight': None}
2020-03-09 10:49:06,701 - INFO - 485 : ActivityCompleted: Activity=ComputeMetrics, HowEnded=Success, Duration=537.03[ms]
2020-03-09 10:49:06,703 - INFO - 467 : ActivityStarted: ComputeMetrics
2020-03-09 10:49:06,703 - INFO - 467 : ActivityStarted: Predict
2020-03-09 10:49:07,224 - INFO - 485 : ActivityCompleted: Activity=Predict, HowEnded=Success, Duration=521.98[ms]
2020-03-09 10:49:07,226 - INFO - 325 : Classification metrics debug: {'y_test': (6,), 'y_pred_probs': (6, 2), 'unique_y_test': (2,), 'class_labels': (2,), 'train_labels': (2,), 'n_missing_train': 0, 'n_missing_valid': 0, 'sample_weight': None}
2020-03-09 10:49:07,239 - INFO - 485 : ActivityCompleted: Activity=ComputeMetrics, HowEnded=Success, Duration=536.98[ms]
2020-03-09 10:49:07,241 - INFO - 467 : ActivityStarted: ComputeMetrics
2020-03-09 10:49:07,242 - INFO - 467 : ActivityStarted: Predict
2020-03-09 10:49:07,763 - INFO - 485 : ActivityCompleted: Activity=Predict, HowEnded=Success, Duration=520.02[ms]
2020-03-09 10:49:07,765 - INFO - 325 : Classification metrics debug: {'y_test': (6,), 'y_pred_probs': (6, 2), 'unique_y_test': (2,), 'class_labels': (2,), 'train_labels': (2,), 'n_missing_train': 0, 'n_missing_valid': 0, 'sample_weight': None}
2020-03-09 10:49:07,779 - INFO - 485 : ActivityCompleted: Activity=ComputeMetrics, HowEnded=Success, Duration=537.02[ms]
2020-03-09 10:49:07,781 - INFO - 467 : ActivityStarted: ComputeMetrics
2020-03-09 10:49:07,782 - INFO - 467 : ActivityStarted: Predict
2020-03-09 10:49:08,304 - INFO - 485 : ActivityCompleted: Activity=Predict, HowEnded=Success, Duration=522.63[ms]
2020-03-09 10:49:08,306 - INFO - 325 : Classification metrics debug: {'y_test': (6,), 'y_pred_probs': (6, 2), 'unique_y_test': (2,), 'class_labels': (2,), 'train_labels': (2,), 'n_missing_train': 0, 'n_missing_valid': 0, 'sample_weight': None}
2020-03-09 10:49:08,320 - INFO - 485 : ActivityCompleted: Activity=ComputeMetrics, HowEnded=Success, Duration=539.63[ms]
2020-03-09 10:49:08,322 - INFO - 467 : ActivityStarted: ComputeMetrics
2020-03-09 10:49:08,323 - INFO - 467 : ActivityStarted: Predict
2020-03-09 10:49:08,845 - INFO - 485 : ActivityCompleted: Activity=Predict, HowEnded=Success, Duration=521.39[ms]
2020-03-09 10:49:08,847 - INFO - 325 : Classification metrics debug: {'y_test': (6,), 'y_pred_probs': (6, 2), 'unique_y_test': (2,), 'class_labels': (2,), 'train_labels': (2,), 'n_missing_train': 0, 'n_missing_valid': 0, 'sample_weight': None}
2020-03-09 10:49:08,860 - INFO - 485 : ActivityCompleted: Activity=ComputeMetrics, HowEnded=Success, Duration=538.35[ms]
2020-03-09 10:49:08,961 - INFO - 485 : ActivityCompleted: Activity=RunEnsembling, HowEnded=Success, Duration=53252.44[ms]
2020-03-09 10:49:09,625 - INFO - 325 : ActivityCompleted: Activity=RunPipeline, HowEnded=Success, Duration=61899.46[ms]
